CRITICAL - 2021-02-05 20:20:06 --> Argument 2 passed to CodeIgniter\Database\BaseBuilder::like() must be of the type string, null given, called in C:\xampp\htdocs\db\simisca\app\Models\Survei_model.php on line 17
#0 C:\xampp\htdocs\db\simisca\app\Models\Survei_model.php(17): CodeIgniter\Database\BaseBuilder->like('email', NULL)
#1 C:\xampp\htdocs\db\simisca\app\Controllers\Dashboard.php(27): App\Models\Survei_model->getToken(NULL)
#2 C:\xampp\htdocs\db\simisca\vendor\codeigniter4\framework\system\CodeIgniter.php(918): App\Controllers\Dashboard->survei()
#3 C:\xampp\htdocs\db\simisca\vendor\codeigniter4\framework\system\CodeIgniter.php(404): CodeIgniter\CodeIgniter->runController(Object(App\Controllers\Dashboard))
#4 C:\xampp\htdocs\db\simisca\vendor\codeigniter4\framework\system\CodeIgniter.php(312): CodeIgniter\CodeIgniter->handleRequest(NULL, Object(Config\Cache), false)
#5 C:\xampp\htdocs\db\simisca\public\index.php(45): CodeIgniter\CodeIgniter->run()
#6 {main}
CRITICAL - 2021-02-05 20:21:28 --> Unknown column '423492X1X68' in 'where clause'
#0 C:\xampp\htdocs\db\simisca\vendor\codeigniter4\framework\system\Database\MySQLi\Connection.php(331): mysqli->query('SELECT *\nFROM `...')
#1 C:\xampp\htdocs\db\simisca\vendor\codeigniter4\framework\system\Database\BaseConnection.php(741): CodeIgniter\Database\MySQLi\Connection->execute('SELECT *\nFROM `...')
#2 C:\xampp\htdocs\db\simisca\vendor\codeigniter4\framework\system\Database\BaseConnection.php(669): CodeIgniter\Database\BaseConnection->simpleQuery('SELECT *\nFROM `...')
#3 C:\xampp\htdocs\db\simisca\vendor\codeigniter4\framework\system\Database\BaseBuilder.php(1860): CodeIgniter\Database\BaseConnection->query('SELECT *\nFROM `...', Array, false)
#4 C:\xampp\htdocs\db\simisca\app\Models\Survei_model.php(25): CodeIgniter\Database\BaseBuilder->get()
#5 C:\xampp\htdocs\db\simisca\app\Controllers\Dashboard.php(40): App\Models\Survei_model->monitorSatker()
#6 C:\xampp\htdocs\db\simisca\vendor\codeigniter4\framework\system\CodeIgniter.php(918): App\Controllers\Dashboard->monitor()
#7 C:\xampp\htdocs\db\simisca\vendor\codeigniter4\framework\system\CodeIgniter.php(404): CodeIgniter\CodeIgniter->runController(Object(App\Controllers\Dashboard))
#8 C:\xampp\htdocs\db\simisca\vendor\codeigniter4\framework\system\CodeIgniter.php(312): CodeIgniter\CodeIgniter->handleRequest(NULL, Object(Config\Cache), false)
#9 C:\xampp\htdocs\db\simisca\public\index.php(45): CodeIgniter\CodeIgniter->run()
#10 {main}
CRITICAL - 2021-02-05 20:22:01 --> Unknown column 'lime_tokens_423492.423492X1X68' in 'where clause'
#0 C:\xampp\htdocs\db\simisca\vendor\codeigniter4\framework\system\Database\MySQLi\Connection.php(331): mysqli->query('SELECT *\nFROM `...')
#1 C:\xampp\htdocs\db\simisca\vendor\codeigniter4\framework\system\Database\BaseConnection.php(741): CodeIgniter\Database\MySQLi\Connection->execute('SELECT *\nFROM `...')
#2 C:\xampp\htdocs\db\simisca\vendor\codeigniter4\framework\system\Database\BaseConnection.php(669): CodeIgniter\Database\BaseConnection->simpleQuery('SELECT *\nFROM `...')
#3 C:\xampp\htdocs\db\simisca\vendor\codeigniter4\framework\system\Database\BaseBuilder.php(1860): CodeIgniter\Database\BaseConnection->query('SELECT *\nFROM `...', Array, false)
#4 C:\xampp\htdocs\db\simisca\app\Models\Survei_model.php(25): CodeIgniter\Database\BaseBuilder->get()
#5 C:\xampp\htdocs\db\simisca\app\Controllers\Dashboard.php(40): App\Models\Survei_model->monitorSatker()
#6 C:\xampp\htdocs\db\simisca\vendor\codeigniter4\framework\system\CodeIgniter.php(918): App\Controllers\Dashboard->monitor()
#7 C:\xampp\htdocs\db\simisca\vendor\codeigniter4\framework\system\CodeIgniter.php(404): CodeIgniter\CodeIgniter->runController(Object(App\Controllers\Dashboard))
#8 C:\xampp\htdocs\db\simisca\vendor\codeigniter4\framework\system\CodeIgniter.php(312): CodeIgniter\CodeIgniter->handleRequest(NULL, Object(Config\Cache), false)
#9 C:\xampp\htdocs\db\simisca\public\index.php(45): CodeIgniter\CodeIgniter->run()
#10 {main}
CRITICAL - 2021-02-05 20:33:15 --> Table 'index.satker' doesn't exist
#0 C:\xampp\htdocs\db\simisca\vendor\codeigniter4\framework\system\Database\MySQLi\Connection.php(331): mysqli->query('SELECT *\nFROM `...')
#1 C:\xampp\htdocs\db\simisca\vendor\codeigniter4\framework\system\Database\BaseConnection.php(741): CodeIgniter\Database\MySQLi\Connection->execute('SELECT *\nFROM `...')
#2 C:\xampp\htdocs\db\simisca\vendor\codeigniter4\framework\system\Database\BaseConnection.php(669): CodeIgniter\Database\BaseConnection->simpleQuery('SELECT *\nFROM `...')
#3 C:\xampp\htdocs\db\simisca\vendor\codeigniter4\framework\system\Database\BaseBuilder.php(1860): CodeIgniter\Database\BaseConnection->query('SELECT *\nFROM `...', Array, false)
#4 C:\xampp\htdocs\db\simisca\app\Models\Survei_model.php(25): CodeIgniter\Database\BaseBuilder->get()
#5 C:\xampp\htdocs\db\simisca\app\Controllers\Dashboard.php(40): App\Models\Survei_model->monitorSatker()
#6 C:\xampp\htdocs\db\simisca\vendor\codeigniter4\framework\system\CodeIgniter.php(918): App\Controllers\Dashboard->monitor()
#7 C:\xampp\htdocs\db\simisca\vendor\codeigniter4\framework\system\CodeIgniter.php(404): CodeIgniter\CodeIgniter->runController(Object(App\Controllers\Dashboard))
#8 C:\xampp\htdocs\db\simisca\vendor\codeigniter4\framework\system\CodeIgniter.php(312): CodeIgniter\CodeIgniter->handleRequest(NULL, Object(Config\Cache), false)
#9 C:\xampp\htdocs\db\simisca\public\index.php(45): CodeIgniter\CodeIgniter->run()
#10 {main}
CRITICAL - 2021-02-05 20:33:19 --> Table 'index.satker' doesn't exist
#0 C:\xampp\htdocs\db\simisca\vendor\codeigniter4\framework\system\Database\MySQLi\Connection.php(331): mysqli->query('SELECT *\nFROM `...')
#1 C:\xampp\htdocs\db\simisca\vendor\codeigniter4\framework\system\Database\BaseConnection.php(741): CodeIgniter\Database\MySQLi\Connection->execute('SELECT *\nFROM `...')
#2 C:\xampp\htdocs\db\simisca\vendor\codeigniter4\framework\system\Database\BaseConnection.php(669): CodeIgniter\Database\BaseConnection->simpleQuery('SELECT *\nFROM `...')
#3 C:\xampp\htdocs\db\simisca\vendor\codeigniter4\framework\system\Database\BaseBuilder.php(1860): CodeIgniter\Database\BaseConnection->query('SELECT *\nFROM `...', Array, false)
#4 C:\xampp\htdocs\db\simisca\app\Models\Survei_model.php(25): CodeIgniter\Database\BaseBuilder->get()
#5 C:\xampp\htdocs\db\simisca\app\Controllers\Dashboard.php(40): App\Models\Survei_model->monitorSatker()
#6 C:\xampp\htdocs\db\simisca\vendor\codeigniter4\framework\system\CodeIgniter.php(918): App\Controllers\Dashboard->monitor()
#7 C:\xampp\htdocs\db\simisca\vendor\codeigniter4\framework\system\CodeIgniter.php(404): CodeIgniter\CodeIgniter->runController(Object(App\Controllers\Dashboard))
#8 C:\xampp\htdocs\db\simisca\vendor\codeigniter4\framework\system\CodeIgniter.php(312): CodeIgniter\CodeIgniter->handleRequest(NULL, Object(Config\Cache), false)
#9 C:\xampp\htdocs\db\simisca\public\index.php(45): CodeIgniter\CodeIgniter->run()
#10 {main}
CRITICAL - 2021-02-05 20:33:31 --> Unknown column 'lime_tokens_423492.423492X1X68' in 'on clause'
#0 C:\xampp\htdocs\db\simisca\vendor\codeigniter4\framework\system\Database\MySQLi\Connection.php(331): mysqli->query('SELECT *\nFROM `...')
#1 C:\xampp\htdocs\db\simisca\vendor\codeigniter4\framework\system\Database\BaseConnection.php(741): CodeIgniter\Database\MySQLi\Connection->execute('SELECT *\nFROM `...')
#2 C:\xampp\htdocs\db\simisca\vendor\codeigniter4\framework\system\Database\BaseConnection.php(669): CodeIgniter\Database\BaseConnection->simpleQuery('SELECT *\nFROM `...')
#3 C:\xampp\htdocs\db\simisca\vendor\codeigniter4\framework\system\Database\BaseBuilder.php(1860): CodeIgniter\Database\BaseConnection->query('SELECT *\nFROM `...', Array, false)
#4 C:\xampp\htdocs\db\simisca\app\Models\Survei_model.php(25): CodeIgniter\Database\BaseBuilder->get()
#5 C:\xampp\htdocs\db\simisca\app\Controllers\Dashboard.php(40): App\Models\Survei_model->monitorSatker()
#6 C:\xampp\htdocs\db\simisca\vendor\codeigniter4\framework\system\CodeIgniter.php(918): App\Controllers\Dashboard->monitor()
#7 C:\xampp\htdocs\db\simisca\vendor\codeigniter4\framework\system\CodeIgniter.php(404): CodeIgniter\CodeIgniter->runController(Object(App\Controllers\Dashboard))
#8 C:\xampp\htdocs\db\simisca\vendor\codeigniter4\framework\system\CodeIgniter.php(312): CodeIgniter\CodeIgniter->handleRequest(NULL, Object(Config\Cache), false)
#9 C:\xampp\htdocs\db\simisca\public\index.php(45): CodeIgniter\CodeIgniter->run()
#10 {main}
CRITICAL - 2021-02-05 20:33:56 --> Unknown column '423492X1X68' in 'on clause'
#0 C:\xampp\htdocs\db\simisca\vendor\codeigniter4\framework\system\Database\MySQLi\Connection.php(331): mysqli->query('SELECT *\nFROM `...')
#1 C:\xampp\htdocs\db\simisca\vendor\codeigniter4\framework\system\Database\BaseConnection.php(741): CodeIgniter\Database\MySQLi\Connection->execute('SELECT *\nFROM `...')
#2 C:\xampp\htdocs\db\simisca\vendor\codeigniter4\framework\system\Database\BaseConnection.php(669): CodeIgniter\Database\BaseConnection->simpleQuery('SELECT *\nFROM `...')
#3 C:\xampp\htdocs\db\simisca\vendor\codeigniter4\framework\system\Database\BaseBuilder.php(1860): CodeIgniter\Database\BaseConnection->query('SELECT *\nFROM `...', Array, false)
#4 C:\xampp\htdocs\db\simisca\app\Models\Survei_model.php(25): CodeIgniter\Database\BaseBuilder->get()
#5 C:\xampp\htdocs\db\simisca\app\Controllers\Dashboard.php(40): App\Models\Survei_model->monitorSatker()
#6 C:\xampp\htdocs\db\simisca\vendor\codeigniter4\framework\system\CodeIgniter.php(918): App\Controllers\Dashboard->monitor()
#7 C:\xampp\htdocs\db\simisca\vendor\codeigniter4\framework\system\CodeIgniter.php(404): CodeIgniter\CodeIgniter->runController(Object(App\Controllers\Dashboard))
#8 C:\xampp\htdocs\db\simisca\vendor\codeigniter4\framework\system\CodeIgniter.php(312): CodeIgniter\CodeIgniter->handleRequest(NULL, Object(Config\Cache), false)
#9 C:\xampp\htdocs\db\simisca\public\index.php(45): CodeIgniter\CodeIgniter->run()
#10 {main}
CRITICAL - 2021-02-05 20:40:59 --> Unknown column 'kodesatkerd' in 'on clause'
#0 C:\xampp\htdocs\db\simisca\vendor\codeigniter4\framework\system\Database\MySQLi\Connection.php(331): mysqli->query('SELECT *\nFROM `...')
#1 C:\xampp\htdocs\db\simisca\vendor\codeigniter4\framework\system\Database\BaseConnection.php(741): CodeIgniter\Database\MySQLi\Connection->execute('SELECT *\nFROM `...')
#2 C:\xampp\htdocs\db\simisca\vendor\codeigniter4\framework\system\Database\BaseConnection.php(669): CodeIgniter\Database\BaseConnection->simpleQuery('SELECT *\nFROM `...')
#3 C:\xampp\htdocs\db\simisca\vendor\codeigniter4\framework\system\Database\BaseBuilder.php(1860): CodeIgniter\Database\BaseConnection->query('SELECT *\nFROM `...', Array, false)
#4 C:\xampp\htdocs\db\simisca\app\Models\Survei_model.php(25): CodeIgniter\Database\BaseBuilder->get()
#5 C:\xampp\htdocs\db\simisca\app\Controllers\Dashboard.php(40): App\Models\Survei_model->monitorSatker()
#6 C:\xampp\htdocs\db\simisca\vendor\codeigniter4\framework\system\CodeIgniter.php(918): App\Controllers\Dashboard->monitor()
#7 C:\xampp\htdocs\db\simisca\vendor\codeigniter4\framework\system\CodeIgniter.php(404): CodeIgniter\CodeIgniter->runController(Object(App\Controllers\Dashboard))
#8 C:\xampp\htdocs\db\simisca\vendor\codeigniter4\framework\system\CodeIgniter.php(312): CodeIgniter\CodeIgniter->handleRequest(NULL, Object(Config\Cache), false)
#9 C:\xampp\htdocs\db\simisca\public\index.php(45): CodeIgniter\CodeIgniter->run()
#10 {main}
CRITICAL - 2021-02-05 21:29:41 --> Too few arguments to function App\Controllers\Dashboard::monitor(), 0 passed in C:\xampp\htdocs\db\simisca\vendor\codeigniter4\framework\system\CodeIgniter.php on line 918 and exactly 1 expected
#0 C:\xampp\htdocs\db\simisca\vendor\codeigniter4\framework\system\CodeIgniter.php(918): App\Controllers\Dashboard->monitor()
#1 C:\xampp\htdocs\db\simisca\vendor\codeigniter4\framework\system\CodeIgniter.php(404): CodeIgniter\CodeIgniter->runController(Object(App\Controllers\Dashboard))
#2 C:\xampp\htdocs\db\simisca\vendor\codeigniter4\framework\system\CodeIgniter.php(312): CodeIgniter\CodeIgniter->handleRequest(NULL, Object(Config\Cache), false)
#3 C:\xampp\htdocs\db\simisca\public\index.php(45): CodeIgniter\CodeIgniter->run()
#4 {main}
CRITICAL - 2021-02-05 21:34:04 --> Undefined variable: status
#0 C:\xampp\htdocs\db\simisca\app\Controllers\Dashboard.php(43): CodeIgniter\Debug\Exceptions->errorHandler(8, 'Undefined varia...', 'C:\\xampp\\htdocs...', 43, Array)
#1 C:\xampp\htdocs\db\simisca\vendor\codeigniter4\framework\system\CodeIgniter.php(918): App\Controllers\Dashboard->monitor('selesai')
#2 C:\xampp\htdocs\db\simisca\vendor\codeigniter4\framework\system\CodeIgniter.php(404): CodeIgniter\CodeIgniter->runController(Object(App\Controllers\Dashboard))
#3 C:\xampp\htdocs\db\simisca\vendor\codeigniter4\framework\system\CodeIgniter.php(312): CodeIgniter\CodeIgniter->handleRequest(NULL, Object(Config\Cache), false)
#4 C:\xampp\htdocs\db\simisca\public\index.php(45): CodeIgniter\CodeIgniter->run()
#5 {main}
CRITICAL - 2021-02-05 21:34:07 --> Undefined variable: status
#0 C:\xampp\htdocs\db\simisca\app\Controllers\Dashboard.php(43): CodeIgniter\Debug\Exceptions->errorHandler(8, 'Undefined varia...', 'C:\\xampp\\htdocs...', 43, Array)
#1 C:\xampp\htdocs\db\simisca\vendor\codeigniter4\framework\system\CodeIgniter.php(918): App\Controllers\Dashboard->monitor()
#2 C:\xampp\htdocs\db\simisca\vendor\codeigniter4\framework\system\CodeIgniter.php(404): CodeIgniter\CodeIgniter->runController(Object(App\Controllers\Dashboard))
#3 C:\xampp\htdocs\db\simisca\vendor\codeigniter4\framework\system\CodeIgniter.php(312): CodeIgniter\CodeIgniter->handleRequest(NULL, Object(Config\Cache), false)
#4 C:\xampp\htdocs\db\simisca\public\index.php(45): CodeIgniter\CodeIgniter->run()
#5 {main}
