CRITICAL - 2021-01-29 21:15:10 --> Column 'kodelevel' in where clause is ambiguous
#0 C:\xampp\htdocs\tingkat3\simisca\vendor\codeigniter4\framework\system\Database\MySQLi\Connection.php(331): mysqli->query('SELECT *\nFROM `...')
#1 C:\xampp\htdocs\tingkat3\simisca\vendor\codeigniter4\framework\system\Database\BaseConnection.php(741): CodeIgniter\Database\MySQLi\Connection->execute('SELECT *\nFROM `...')
#2 C:\xampp\htdocs\tingkat3\simisca\vendor\codeigniter4\framework\system\Database\BaseConnection.php(669): CodeIgniter\Database\BaseConnection->simpleQuery('SELECT *\nFROM `...')
#3 C:\xampp\htdocs\tingkat3\simisca\vendor\codeigniter4\framework\system\Database\BaseBuilder.php(1860): CodeIgniter\Database\BaseConnection->query('SELECT *\nFROM `...', Array, false)
#4 C:\xampp\htdocs\tingkat3\simisca\app\Models\Satker_model.php(26): CodeIgniter\Database\BaseBuilder->get()
#5 C:\xampp\htdocs\tingkat3\simisca\app\Controllers\Visualisasi.php(24): App\Models\Satker_model->filter(Array)
#6 C:\xampp\htdocs\tingkat3\simisca\vendor\codeigniter4\framework\system\CodeIgniter.php(918): App\Controllers\Visualisasi->getTabel()
#7 C:\xampp\htdocs\tingkat3\simisca\vendor\codeigniter4\framework\system\CodeIgniter.php(404): CodeIgniter\CodeIgniter->runController(Object(App\Controllers\Visualisasi))
#8 C:\xampp\htdocs\tingkat3\simisca\vendor\codeigniter4\framework\system\CodeIgniter.php(312): CodeIgniter\CodeIgniter->handleRequest(NULL, Object(Config\Cache), false)
#9 C:\xampp\htdocs\tingkat3\simisca\public\index.php(45): CodeIgniter\CodeIgniter->run()
#10 C:\xampp\htdocs\tingkat3\simisca\vendor\codeigniter4\framework\system\Commands\Server\rewrite.php(34): require_once('C:\\xampp\\htdocs...')
#11 {main}
CRITICAL - 2021-01-29 21:15:23 --> Column 'kodelevel' in where clause is ambiguous
#0 C:\xampp\htdocs\tingkat3\simisca\vendor\codeigniter4\framework\system\Database\MySQLi\Connection.php(331): mysqli->query('SELECT *\nFROM `...')
#1 C:\xampp\htdocs\tingkat3\simisca\vendor\codeigniter4\framework\system\Database\BaseConnection.php(741): CodeIgniter\Database\MySQLi\Connection->execute('SELECT *\nFROM `...')
#2 C:\xampp\htdocs\tingkat3\simisca\vendor\codeigniter4\framework\system\Database\BaseConnection.php(669): CodeIgniter\Database\BaseConnection->simpleQuery('SELECT *\nFROM `...')
#3 C:\xampp\htdocs\tingkat3\simisca\vendor\codeigniter4\framework\system\Database\BaseBuilder.php(1860): CodeIgniter\Database\BaseConnection->query('SELECT *\nFROM `...', Array, false)
#4 C:\xampp\htdocs\tingkat3\simisca\app\Models\Satker_model.php(26): CodeIgniter\Database\BaseBuilder->get()
#5 C:\xampp\htdocs\tingkat3\simisca\app\Controllers\Visualisasi.php(24): App\Models\Satker_model->filter(Array)
#6 C:\xampp\htdocs\tingkat3\simisca\vendor\codeigniter4\framework\system\CodeIgniter.php(918): App\Controllers\Visualisasi->getTabel()
#7 C:\xampp\htdocs\tingkat3\simisca\vendor\codeigniter4\framework\system\CodeIgniter.php(404): CodeIgniter\CodeIgniter->runController(Object(App\Controllers\Visualisasi))
#8 C:\xampp\htdocs\tingkat3\simisca\vendor\codeigniter4\framework\system\CodeIgniter.php(312): CodeIgniter\CodeIgniter->handleRequest(NULL, Object(Config\Cache), false)
#9 C:\xampp\htdocs\tingkat3\simisca\public\index.php(45): CodeIgniter\CodeIgniter->run()
#10 C:\xampp\htdocs\tingkat3\simisca\vendor\codeigniter4\framework\system\Commands\Server\rewrite.php(34): require_once('C:\\xampp\\htdocs...')
#11 {main}
CRITICAL - 2021-01-29 21:16:17 --> Column 'kodelevel' in where clause is ambiguous
#0 C:\xampp\htdocs\tingkat3\simisca\vendor\codeigniter4\framework\system\Database\MySQLi\Connection.php(331): mysqli->query('SELECT *\nFROM `...')
#1 C:\xampp\htdocs\tingkat3\simisca\vendor\codeigniter4\framework\system\Database\BaseConnection.php(741): CodeIgniter\Database\MySQLi\Connection->execute('SELECT *\nFROM `...')
#2 C:\xampp\htdocs\tingkat3\simisca\vendor\codeigniter4\framework\system\Database\BaseConnection.php(669): CodeIgniter\Database\BaseConnection->simpleQuery('SELECT *\nFROM `...')
#3 C:\xampp\htdocs\tingkat3\simisca\vendor\codeigniter4\framework\system\Database\BaseBuilder.php(1860): CodeIgniter\Database\BaseConnection->query('SELECT *\nFROM `...', Array, false)
#4 C:\xampp\htdocs\tingkat3\simisca\app\Models\Satker_model.php(26): CodeIgniter\Database\BaseBuilder->get()
#5 C:\xampp\htdocs\tingkat3\simisca\app\Controllers\Visualisasi.php(24): App\Models\Satker_model->filter(Array)
#6 C:\xampp\htdocs\tingkat3\simisca\vendor\codeigniter4\framework\system\CodeIgniter.php(918): App\Controllers\Visualisasi->getTabel()
#7 C:\xampp\htdocs\tingkat3\simisca\vendor\codeigniter4\framework\system\CodeIgniter.php(404): CodeIgniter\CodeIgniter->runController(Object(App\Controllers\Visualisasi))
#8 C:\xampp\htdocs\tingkat3\simisca\vendor\codeigniter4\framework\system\CodeIgniter.php(312): CodeIgniter\CodeIgniter->handleRequest(NULL, Object(Config\Cache), false)
#9 C:\xampp\htdocs\tingkat3\simisca\public\index.php(45): CodeIgniter\CodeIgniter->run()
#10 C:\xampp\htdocs\tingkat3\simisca\vendor\codeigniter4\framework\system\Commands\Server\rewrite.php(34): require_once('C:\\xampp\\htdocs...')
#11 {main}
CRITICAL - 2021-01-29 21:18:03 --> Column 'kodelevel' in where clause is ambiguous
#0 C:\xampp\htdocs\tingkat3\simisca\vendor\codeigniter4\framework\system\Database\MySQLi\Connection.php(331): mysqli->query('SELECT *\nFROM `...')
#1 C:\xampp\htdocs\tingkat3\simisca\vendor\codeigniter4\framework\system\Database\BaseConnection.php(741): CodeIgniter\Database\MySQLi\Connection->execute('SELECT *\nFROM `...')
#2 C:\xampp\htdocs\tingkat3\simisca\vendor\codeigniter4\framework\system\Database\BaseConnection.php(669): CodeIgniter\Database\BaseConnection->simpleQuery('SELECT *\nFROM `...')
#3 C:\xampp\htdocs\tingkat3\simisca\vendor\codeigniter4\framework\system\Database\BaseBuilder.php(1860): CodeIgniter\Database\BaseConnection->query('SELECT *\nFROM `...', Array, false)
#4 C:\xampp\htdocs\tingkat3\simisca\app\Models\Satker_model.php(26): CodeIgniter\Database\BaseBuilder->get()
#5 C:\xampp\htdocs\tingkat3\simisca\app\Controllers\Visualisasi.php(24): App\Models\Satker_model->filter(Array)
#6 C:\xampp\htdocs\tingkat3\simisca\vendor\codeigniter4\framework\system\CodeIgniter.php(918): App\Controllers\Visualisasi->getTabel()
#7 C:\xampp\htdocs\tingkat3\simisca\vendor\codeigniter4\framework\system\CodeIgniter.php(404): CodeIgniter\CodeIgniter->runController(Object(App\Controllers\Visualisasi))
#8 C:\xampp\htdocs\tingkat3\simisca\vendor\codeigniter4\framework\system\CodeIgniter.php(312): CodeIgniter\CodeIgniter->handleRequest(NULL, Object(Config\Cache), false)
#9 C:\xampp\htdocs\tingkat3\simisca\public\index.php(45): CodeIgniter\CodeIgniter->run()
#10 C:\xampp\htdocs\tingkat3\simisca\vendor\codeigniter4\framework\system\Commands\Server\rewrite.php(34): require_once('C:\\xampp\\htdocs...')
#11 {main}
CRITICAL - 2021-01-29 22:22:45 --> syntax error, unexpected '}'
#0 C:\xampp\htdocs\tingkat3\simisca\vendor\codeigniter4\framework\system\Autoloader\Autoloader.php(296): CodeIgniter\Autoloader\Autoloader->requireFile('C:\\xampp\\htdocs...')
#1 C:\xampp\htdocs\tingkat3\simisca\vendor\codeigniter4\framework\system\Autoloader\Autoloader.php(258): CodeIgniter\Autoloader\Autoloader->loadInNamespace('App\\Models\\Satk...')
#2 [internal function]: CodeIgniter\Autoloader\Autoloader->loadClass('App\\Models\\Satk...')
#3 C:\xampp\htdocs\tingkat3\simisca\app\Controllers\Visualisasi.php(25): spl_autoload_call('App\\Models\\Satk...')
#4 C:\xampp\htdocs\tingkat3\simisca\vendor\codeigniter4\framework\system\CodeIgniter.php(918): App\Controllers\Visualisasi->getTabel()
#5 C:\xampp\htdocs\tingkat3\simisca\vendor\codeigniter4\framework\system\CodeIgniter.php(404): CodeIgniter\CodeIgniter->runController(Object(App\Controllers\Visualisasi))
#6 C:\xampp\htdocs\tingkat3\simisca\vendor\codeigniter4\framework\system\CodeIgniter.php(312): CodeIgniter\CodeIgniter->handleRequest(NULL, Object(Config\Cache), false)
#7 C:\xampp\htdocs\tingkat3\simisca\public\index.php(45): CodeIgniter\CodeIgniter->run()
#8 C:\xampp\htdocs\tingkat3\simisca\vendor\codeigniter4\framework\system\Commands\Server\rewrite.php(34): require_once('C:\\xampp\\htdocs...')
#9 {main}
CRITICAL - 2021-01-29 22:22:51 --> syntax error, unexpected '}'
#0 C:\xampp\htdocs\tingkat3\simisca\vendor\codeigniter4\framework\system\Autoloader\Autoloader.php(296): CodeIgniter\Autoloader\Autoloader->requireFile('C:\\xampp\\htdocs...')
#1 C:\xampp\htdocs\tingkat3\simisca\vendor\codeigniter4\framework\system\Autoloader\Autoloader.php(258): CodeIgniter\Autoloader\Autoloader->loadInNamespace('App\\Models\\Satk...')
#2 [internal function]: CodeIgniter\Autoloader\Autoloader->loadClass('App\\Models\\Satk...')
#3 C:\xampp\htdocs\tingkat3\simisca\app\Controllers\Visualisasi.php(25): spl_autoload_call('App\\Models\\Satk...')
#4 C:\xampp\htdocs\tingkat3\simisca\vendor\codeigniter4\framework\system\CodeIgniter.php(918): App\Controllers\Visualisasi->getTabel()
#5 C:\xampp\htdocs\tingkat3\simisca\vendor\codeigniter4\framework\system\CodeIgniter.php(404): CodeIgniter\CodeIgniter->runController(Object(App\Controllers\Visualisasi))
#6 C:\xampp\htdocs\tingkat3\simisca\vendor\codeigniter4\framework\system\CodeIgniter.php(312): CodeIgniter\CodeIgniter->handleRequest(NULL, Object(Config\Cache), false)
#7 C:\xampp\htdocs\tingkat3\simisca\public\index.php(45): CodeIgniter\CodeIgniter->run()
#8 C:\xampp\htdocs\tingkat3\simisca\vendor\codeigniter4\framework\system\Commands\Server\rewrite.php(34): require_once('C:\\xampp\\htdocs...')
#9 {main}
CRITICAL - 2021-01-29 22:23:52 --> syntax error, unexpected '}'
#0 C:\xampp\htdocs\tingkat3\simisca\vendor\codeigniter4\framework\system\Autoloader\Autoloader.php(296): CodeIgniter\Autoloader\Autoloader->requireFile('C:\\xampp\\htdocs...')
#1 C:\xampp\htdocs\tingkat3\simisca\vendor\codeigniter4\framework\system\Autoloader\Autoloader.php(258): CodeIgniter\Autoloader\Autoloader->loadInNamespace('App\\Models\\Satk...')
#2 [internal function]: CodeIgniter\Autoloader\Autoloader->loadClass('App\\Models\\Satk...')
#3 C:\xampp\htdocs\tingkat3\simisca\app\Controllers\Visualisasi.php(25): spl_autoload_call('App\\Models\\Satk...')
#4 C:\xampp\htdocs\tingkat3\simisca\vendor\codeigniter4\framework\system\CodeIgniter.php(918): App\Controllers\Visualisasi->getTabel()
#5 C:\xampp\htdocs\tingkat3\simisca\vendor\codeigniter4\framework\system\CodeIgniter.php(404): CodeIgniter\CodeIgniter->runController(Object(App\Controllers\Visualisasi))
#6 C:\xampp\htdocs\tingkat3\simisca\vendor\codeigniter4\framework\system\CodeIgniter.php(312): CodeIgniter\CodeIgniter->handleRequest(NULL, Object(Config\Cache), false)
#7 C:\xampp\htdocs\tingkat3\simisca\public\index.php(45): CodeIgniter\CodeIgniter->run()
#8 C:\xampp\htdocs\tingkat3\simisca\vendor\codeigniter4\framework\system\Commands\Server\rewrite.php(34): require_once('C:\\xampp\\htdocs...')
#9 {main}
CRITICAL - 2021-01-29 22:24:05 --> syntax error, unexpected '}'
#0 C:\xampp\htdocs\tingkat3\simisca\vendor\codeigniter4\framework\system\Autoloader\Autoloader.php(296): CodeIgniter\Autoloader\Autoloader->requireFile('C:\\xampp\\htdocs...')
#1 C:\xampp\htdocs\tingkat3\simisca\vendor\codeigniter4\framework\system\Autoloader\Autoloader.php(258): CodeIgniter\Autoloader\Autoloader->loadInNamespace('App\\Models\\Satk...')
#2 [internal function]: CodeIgniter\Autoloader\Autoloader->loadClass('App\\Models\\Satk...')
#3 C:\xampp\htdocs\tingkat3\simisca\app\Controllers\Visualisasi.php(25): spl_autoload_call('App\\Models\\Satk...')
#4 C:\xampp\htdocs\tingkat3\simisca\vendor\codeigniter4\framework\system\CodeIgniter.php(918): App\Controllers\Visualisasi->getTabel()
#5 C:\xampp\htdocs\tingkat3\simisca\vendor\codeigniter4\framework\system\CodeIgniter.php(404): CodeIgniter\CodeIgniter->runController(Object(App\Controllers\Visualisasi))
#6 C:\xampp\htdocs\tingkat3\simisca\vendor\codeigniter4\framework\system\CodeIgniter.php(312): CodeIgniter\CodeIgniter->handleRequest(NULL, Object(Config\Cache), false)
#7 C:\xampp\htdocs\tingkat3\simisca\public\index.php(45): CodeIgniter\CodeIgniter->run()
#8 C:\xampp\htdocs\tingkat3\simisca\vendor\codeigniter4\framework\system\Commands\Server\rewrite.php(34): require_once('C:\\xampp\\htdocs...')
#9 {main}
CRITICAL - 2021-01-29 22:24:49 --> Column 'kodesatker' in field list is ambiguous
#0 C:\xampp\htdocs\tingkat3\simisca\vendor\codeigniter4\framework\system\Database\MySQLi\Connection.php(331): mysqli->query('SELECT `namasat...')
#1 C:\xampp\htdocs\tingkat3\simisca\vendor\codeigniter4\framework\system\Database\BaseConnection.php(741): CodeIgniter\Database\MySQLi\Connection->execute('SELECT `namasat...')
#2 C:\xampp\htdocs\tingkat3\simisca\vendor\codeigniter4\framework\system\Database\BaseConnection.php(669): CodeIgniter\Database\BaseConnection->simpleQuery('SELECT `namasat...')
#3 C:\xampp\htdocs\tingkat3\simisca\vendor\codeigniter4\framework\system\Database\BaseBuilder.php(1860): CodeIgniter\Database\BaseConnection->query('SELECT `namasat...', Array, false)
#4 C:\xampp\htdocs\tingkat3\simisca\app\Models\Satker_model.php(35): CodeIgniter\Database\BaseBuilder->get()
#5 C:\xampp\htdocs\tingkat3\simisca\app\Controllers\Visualisasi.php(27): App\Models\Satker_model->filter(Array)
#6 C:\xampp\htdocs\tingkat3\simisca\vendor\codeigniter4\framework\system\CodeIgniter.php(918): App\Controllers\Visualisasi->getTabel()
#7 C:\xampp\htdocs\tingkat3\simisca\vendor\codeigniter4\framework\system\CodeIgniter.php(404): CodeIgniter\CodeIgniter->runController(Object(App\Controllers\Visualisasi))
#8 C:\xampp\htdocs\tingkat3\simisca\vendor\codeigniter4\framework\system\CodeIgniter.php(312): CodeIgniter\CodeIgniter->handleRequest(NULL, Object(Config\Cache), false)
#9 C:\xampp\htdocs\tingkat3\simisca\public\index.php(45): CodeIgniter\CodeIgniter->run()
#10 C:\xampp\htdocs\tingkat3\simisca\vendor\codeigniter4\framework\system\Commands\Server\rewrite.php(34): require_once('C:\\xampp\\htdocs...')
#11 {main}
CRITICAL - 2021-01-29 22:27:29 --> Column 'kodesatker' in field list is ambiguous
#0 C:\xampp\htdocs\tingkat3\simisca\vendor\codeigniter4\framework\system\Database\MySQLi\Connection.php(331): mysqli->query('SELECT `namasat...')
#1 C:\xampp\htdocs\tingkat3\simisca\vendor\codeigniter4\framework\system\Database\BaseConnection.php(741): CodeIgniter\Database\MySQLi\Connection->execute('SELECT `namasat...')
#2 C:\xampp\htdocs\tingkat3\simisca\vendor\codeigniter4\framework\system\Database\BaseConnection.php(669): CodeIgniter\Database\BaseConnection->simpleQuery('SELECT `namasat...')
#3 C:\xampp\htdocs\tingkat3\simisca\vendor\codeigniter4\framework\system\Database\BaseBuilder.php(1860): CodeIgniter\Database\BaseConnection->query('SELECT `namasat...', Array, false)
#4 C:\xampp\htdocs\tingkat3\simisca\app\Models\Satker_model.php(35): CodeIgniter\Database\BaseBuilder->get()
#5 C:\xampp\htdocs\tingkat3\simisca\app\Controllers\Visualisasi.php(27): App\Models\Satker_model->filter(Array)
#6 C:\xampp\htdocs\tingkat3\simisca\vendor\codeigniter4\framework\system\CodeIgniter.php(918): App\Controllers\Visualisasi->getTabel()
#7 C:\xampp\htdocs\tingkat3\simisca\vendor\codeigniter4\framework\system\CodeIgniter.php(404): CodeIgniter\CodeIgniter->runController(Object(App\Controllers\Visualisasi))
#8 C:\xampp\htdocs\tingkat3\simisca\vendor\codeigniter4\framework\system\CodeIgniter.php(312): CodeIgniter\CodeIgniter->handleRequest(NULL, Object(Config\Cache), false)
#9 C:\xampp\htdocs\tingkat3\simisca\public\index.php(45): CodeIgniter\CodeIgniter->run()
#10 C:\xampp\htdocs\tingkat3\simisca\vendor\codeigniter4\framework\system\Commands\Server\rewrite.php(34): require_once('C:\\xampp\\htdocs...')
#11 {main}
CRITICAL - 2021-01-29 22:27:58 --> Column 'kodesatker' in field list is ambiguous
#0 C:\xampp\htdocs\tingkat3\simisca\vendor\codeigniter4\framework\system\Database\MySQLi\Connection.php(331): mysqli->query('SELECT `namasat...')
#1 C:\xampp\htdocs\tingkat3\simisca\vendor\codeigniter4\framework\system\Database\BaseConnection.php(741): CodeIgniter\Database\MySQLi\Connection->execute('SELECT `namasat...')
#2 C:\xampp\htdocs\tingkat3\simisca\vendor\codeigniter4\framework\system\Database\BaseConnection.php(669): CodeIgniter\Database\BaseConnection->simpleQuery('SELECT `namasat...')
#3 C:\xampp\htdocs\tingkat3\simisca\vendor\codeigniter4\framework\system\Database\BaseBuilder.php(1860): CodeIgniter\Database\BaseConnection->query('SELECT `namasat...', Array, false)
#4 C:\xampp\htdocs\tingkat3\simisca\app\Models\Satker_model.php(35): CodeIgniter\Database\BaseBuilder->get()
#5 C:\xampp\htdocs\tingkat3\simisca\app\Controllers\Visualisasi.php(27): App\Models\Satker_model->filter(Array)
#6 C:\xampp\htdocs\tingkat3\simisca\vendor\codeigniter4\framework\system\CodeIgniter.php(918): App\Controllers\Visualisasi->getTabel()
#7 C:\xampp\htdocs\tingkat3\simisca\vendor\codeigniter4\framework\system\CodeIgniter.php(404): CodeIgniter\CodeIgniter->runController(Object(App\Controllers\Visualisasi))
#8 C:\xampp\htdocs\tingkat3\simisca\vendor\codeigniter4\framework\system\CodeIgniter.php(312): CodeIgniter\CodeIgniter->handleRequest(NULL, Object(Config\Cache), false)
#9 C:\xampp\htdocs\tingkat3\simisca\public\index.php(45): CodeIgniter\CodeIgniter->run()
#10 C:\xampp\htdocs\tingkat3\simisca\vendor\codeigniter4\framework\system\Commands\Server\rewrite.php(34): require_once('C:\\xampp\\htdocs...')
#11 {main}
CRITICAL - 2021-01-29 22:29:38 --> Column 'kodesatker' in field list is ambiguous
#0 C:\xampp\htdocs\tingkat3\simisca\vendor\codeigniter4\framework\system\Database\MySQLi\Connection.php(331): mysqli->query('SELECT `namasat...')
#1 C:\xampp\htdocs\tingkat3\simisca\vendor\codeigniter4\framework\system\Database\BaseConnection.php(741): CodeIgniter\Database\MySQLi\Connection->execute('SELECT `namasat...')
#2 C:\xampp\htdocs\tingkat3\simisca\vendor\codeigniter4\framework\system\Database\BaseConnection.php(669): CodeIgniter\Database\BaseConnection->simpleQuery('SELECT `namasat...')
#3 C:\xampp\htdocs\tingkat3\simisca\vendor\codeigniter4\framework\system\Database\BaseBuilder.php(1860): CodeIgniter\Database\BaseConnection->query('SELECT `namasat...', Array, false)
#4 C:\xampp\htdocs\tingkat3\simisca\app\Models\Satker_model.php(35): CodeIgniter\Database\BaseBuilder->get()
#5 C:\xampp\htdocs\tingkat3\simisca\app\Controllers\Visualisasi.php(27): App\Models\Satker_model->filter(Array)
#6 C:\xampp\htdocs\tingkat3\simisca\vendor\codeigniter4\framework\system\CodeIgniter.php(918): App\Controllers\Visualisasi->getTabel()
#7 C:\xampp\htdocs\tingkat3\simisca\vendor\codeigniter4\framework\system\CodeIgniter.php(404): CodeIgniter\CodeIgniter->runController(Object(App\Controllers\Visualisasi))
#8 C:\xampp\htdocs\tingkat3\simisca\vendor\codeigniter4\framework\system\CodeIgniter.php(312): CodeIgniter\CodeIgniter->handleRequest(NULL, Object(Config\Cache), false)
#9 C:\xampp\htdocs\tingkat3\simisca\public\index.php(45): CodeIgniter\CodeIgniter->run()
#10 C:\xampp\htdocs\tingkat3\simisca\vendor\codeigniter4\framework\system\Commands\Server\rewrite.php(34): require_once('C:\\xampp\\htdocs...')
#11 {main}
CRITICAL - 2021-01-29 22:30:17 --> Undefined index: imkb
#0 C:\xampp\htdocs\tingkat3\simisca\app\Views\Visualisasi\tabel.php(32): CodeIgniter\Debug\Exceptions->errorHandler(8, 'Undefined index...', 'C:\\xampp\\htdocs...', 32, Array)
#1 C:\xampp\htdocs\tingkat3\simisca\vendor\codeigniter4\framework\system\View\View.php(246): include('C:\\xampp\\htdocs...')
#2 C:\xampp\htdocs\tingkat3\simisca\vendor\codeigniter4\framework\system\Common.php(1119): CodeIgniter\View\View->render('visualisasi/tab...', Array, true)
#3 C:\xampp\htdocs\tingkat3\simisca\app\Controllers\Visualisasi.php(29): view('visualisasi/tab...', Array)
#4 C:\xampp\htdocs\tingkat3\simisca\vendor\codeigniter4\framework\system\CodeIgniter.php(918): App\Controllers\Visualisasi->getTabel()
#5 C:\xampp\htdocs\tingkat3\simisca\vendor\codeigniter4\framework\system\CodeIgniter.php(404): CodeIgniter\CodeIgniter->runController(Object(App\Controllers\Visualisasi))
#6 C:\xampp\htdocs\tingkat3\simisca\vendor\codeigniter4\framework\system\CodeIgniter.php(312): CodeIgniter\CodeIgniter->handleRequest(NULL, Object(Config\Cache), false)
#7 C:\xampp\htdocs\tingkat3\simisca\public\index.php(45): CodeIgniter\CodeIgniter->run()
#8 C:\xampp\htdocs\tingkat3\simisca\vendor\codeigniter4\framework\system\Commands\Server\rewrite.php(34): require_once('C:\\xampp\\htdocs...')
#9 {main}
CRITICAL - 2021-01-29 23:44:41 --> Invalid file: visualisasi/petaTematik.php
#0 C:\xampp\htdocs\tingkat3\simisca\vendor\codeigniter4\framework\system\View\View.php(228): CodeIgniter\Exceptions\FrameworkException::forInvalidFile('visualisasi/pet...')
#1 C:\xampp\htdocs\tingkat3\simisca\vendor\codeigniter4\framework\system\Common.php(1119): CodeIgniter\View\View->render('visualisasi/pet...', Array, true)
#2 C:\xampp\htdocs\tingkat3\simisca\app\Controllers\Visualisasi.php(17): view('visualisasi/pet...')
#3 C:\xampp\htdocs\tingkat3\simisca\vendor\codeigniter4\framework\system\CodeIgniter.php(918): App\Controllers\Visualisasi->petaTematik()
#4 C:\xampp\htdocs\tingkat3\simisca\vendor\codeigniter4\framework\system\CodeIgniter.php(404): CodeIgniter\CodeIgniter->runController(Object(App\Controllers\Visualisasi))
#5 C:\xampp\htdocs\tingkat3\simisca\vendor\codeigniter4\framework\system\CodeIgniter.php(312): CodeIgniter\CodeIgniter->handleRequest(NULL, Object(Config\Cache), false)
#6 C:\xampp\htdocs\tingkat3\simisca\public\index.php(45): CodeIgniter\CodeIgniter->run()
#7 C:\xampp\htdocs\tingkat3\simisca\vendor\codeigniter4\framework\system\Commands\Server\rewrite.php(34): require_once('C:\\xampp\\htdocs...')
#8 {main}
