CRITICAL - 2021-02-03 05:47:15 --> Too few arguments to function App\Controllers\Visualisasi::getTabel(), 0 passed in C:\xampp\htdocs\db\simisca\vendor\codeigniter4\framework\system\CodeIgniter.php on line 918 and exactly 1 expected
#0 C:\xampp\htdocs\db\simisca\vendor\codeigniter4\framework\system\CodeIgniter.php(918): App\Controllers\Visualisasi->getTabel()
#1 C:\xampp\htdocs\db\simisca\vendor\codeigniter4\framework\system\CodeIgniter.php(404): CodeIgniter\CodeIgniter->runController(Object(App\Controllers\Visualisasi))
#2 C:\xampp\htdocs\db\simisca\vendor\codeigniter4\framework\system\CodeIgniter.php(312): CodeIgniter\CodeIgniter->handleRequest(NULL, Object(Config\Cache), false)
#3 C:\xampp\htdocs\db\simisca\public\index.php(45): CodeIgniter\CodeIgniter->run()
#4 {main}
CRITICAL - 2021-02-03 05:48:44 --> Too few arguments to function App\Controllers\Visualisasi::getTabel(), 0 passed in C:\xampp\htdocs\db\simisca\vendor\codeigniter4\framework\system\CodeIgniter.php on line 918 and exactly 1 expected
#0 C:\xampp\htdocs\db\simisca\vendor\codeigniter4\framework\system\CodeIgniter.php(918): App\Controllers\Visualisasi->getTabel()
#1 C:\xampp\htdocs\db\simisca\vendor\codeigniter4\framework\system\CodeIgniter.php(404): CodeIgniter\CodeIgniter->runController(Object(App\Controllers\Visualisasi))
#2 C:\xampp\htdocs\db\simisca\vendor\codeigniter4\framework\system\CodeIgniter.php(312): CodeIgniter\CodeIgniter->handleRequest(NULL, Object(Config\Cache), false)
#3 C:\xampp\htdocs\db\simisca\public\index.php(45): CodeIgniter\CodeIgniter->run()
#4 {main}
CRITICAL - 2021-02-03 05:48:50 --> Too few arguments to function App\Controllers\Visualisasi::getTabel(), 0 passed in C:\xampp\htdocs\db\simisca\vendor\codeigniter4\framework\system\CodeIgniter.php on line 918 and exactly 1 expected
#0 C:\xampp\htdocs\db\simisca\vendor\codeigniter4\framework\system\CodeIgniter.php(918): App\Controllers\Visualisasi->getTabel()
#1 C:\xampp\htdocs\db\simisca\vendor\codeigniter4\framework\system\CodeIgniter.php(404): CodeIgniter\CodeIgniter->runController(Object(App\Controllers\Visualisasi))
#2 C:\xampp\htdocs\db\simisca\vendor\codeigniter4\framework\system\CodeIgniter.php(312): CodeIgniter\CodeIgniter->handleRequest(NULL, Object(Config\Cache), false)
#3 C:\xampp\htdocs\db\simisca\public\index.php(45): CodeIgniter\CodeIgniter->run()
#4 {main}
CRITICAL - 2021-02-03 06:28:24 --> Non-static method App\Models\Satker_model::filter() should not be called statically
#0 C:\xampp\htdocs\db\simisca\app\Controllers\Visualisasi.php(64): CodeIgniter\Debug\Exceptions->errorHandler(8192, 'Non-static meth...', 'C:\\xampp\\htdocs...', 64, Array)
#1 C:\xampp\htdocs\db\simisca\vendor\codeigniter4\framework\system\CodeIgniter.php(918): App\Controllers\Visualisasi->getTabel('satker')
#2 C:\xampp\htdocs\db\simisca\vendor\codeigniter4\framework\system\CodeIgniter.php(404): CodeIgniter\CodeIgniter->runController(Object(App\Controllers\Visualisasi))
#3 C:\xampp\htdocs\db\simisca\vendor\codeigniter4\framework\system\CodeIgniter.php(312): CodeIgniter\CodeIgniter->handleRequest(NULL, Object(Config\Cache), false)
#4 C:\xampp\htdocs\db\simisca\public\index.php(45): CodeIgniter\CodeIgniter->run()
#5 {main}
CRITICAL - 2021-02-03 06:34:43 --> Undefined variable: pegawai
#0 C:\xampp\htdocs\db\simisca\app\Views\visualisasi\tabel.php(1): CodeIgniter\Debug\Exceptions->errorHandler(8, 'Undefined varia...', 'C:\\xampp\\htdocs...', 1, Array)
#1 C:\xampp\htdocs\db\simisca\vendor\codeigniter4\framework\system\View\View.php(246): include('C:\\xampp\\htdocs...')
#2 C:\xampp\htdocs\db\simisca\vendor\codeigniter4\framework\system\Common.php(1119): CodeIgniter\View\View->render('visualisasi/tab...', Array, true)
#3 C:\xampp\htdocs\db\simisca\app\Controllers\Visualisasi.php(67): view('visualisasi/tab...', Array)
#4 C:\xampp\htdocs\db\simisca\vendor\codeigniter4\framework\system\CodeIgniter.php(918): App\Controllers\Visualisasi->getTabel('satker')
#5 C:\xampp\htdocs\db\simisca\vendor\codeigniter4\framework\system\CodeIgniter.php(404): CodeIgniter\CodeIgniter->runController(Object(App\Controllers\Visualisasi))
#6 C:\xampp\htdocs\db\simisca\vendor\codeigniter4\framework\system\CodeIgniter.php(312): CodeIgniter\CodeIgniter->handleRequest(NULL, Object(Config\Cache), false)
#7 C:\xampp\htdocs\db\simisca\public\index.php(45): CodeIgniter\CodeIgniter->run()
#8 {main}
CRITICAL - 2021-02-03 06:53:57 --> Undefined variable: p
#0 C:\xampp\htdocs\db\simisca\app\Views\visualisasi\tabel.php(25): CodeIgniter\Debug\Exceptions->errorHandler(8, 'Undefined varia...', 'C:\\xampp\\htdocs...', 25, Array)
#1 C:\xampp\htdocs\db\simisca\vendor\codeigniter4\framework\system\View\View.php(246): include('C:\\xampp\\htdocs...')
#2 C:\xampp\htdocs\db\simisca\vendor\codeigniter4\framework\system\Common.php(1119): CodeIgniter\View\View->render('visualisasi/tab...', Array, true)
#3 C:\xampp\htdocs\db\simisca\app\Controllers\Visualisasi.php(76): view('visualisasi/tab...', Array)
#4 C:\xampp\htdocs\db\simisca\vendor\codeigniter4\framework\system\CodeIgniter.php(918): App\Controllers\Visualisasi->getTabel('pegawai')
#5 C:\xampp\htdocs\db\simisca\vendor\codeigniter4\framework\system\CodeIgniter.php(404): CodeIgniter\CodeIgniter->runController(Object(App\Controllers\Visualisasi))
#6 C:\xampp\htdocs\db\simisca\vendor\codeigniter4\framework\system\CodeIgniter.php(312): CodeIgniter\CodeIgniter->handleRequest(NULL, Object(Config\Cache), false)
#7 C:\xampp\htdocs\db\simisca\public\index.php(45): CodeIgniter\CodeIgniter->run()
#8 {main}
CRITICAL - 2021-02-03 06:58:09 --> syntax error, unexpected '}', expecting ';'
#0 C:\xampp\htdocs\db\simisca\vendor\codeigniter4\framework\system\Autoloader\Autoloader.php(296): CodeIgniter\Autoloader\Autoloader->requireFile('C:\\xampp\\htdocs...')
#1 C:\xampp\htdocs\db\simisca\vendor\codeigniter4\framework\system\Autoloader\Autoloader.php(258): CodeIgniter\Autoloader\Autoloader->loadInNamespace('App\\Models\\Pega...')
#2 [internal function]: CodeIgniter\Autoloader\Autoloader->loadClass('App\\Models\\Pega...')
#3 C:\xampp\htdocs\db\simisca\app\Controllers\Visualisasi.php(72): spl_autoload_call('App\\Models\\Pega...')
#4 C:\xampp\htdocs\db\simisca\vendor\codeigniter4\framework\system\CodeIgniter.php(918): App\Controllers\Visualisasi->getTabel('pegawai')
#5 C:\xampp\htdocs\db\simisca\vendor\codeigniter4\framework\system\CodeIgniter.php(404): CodeIgniter\CodeIgniter->runController(Object(App\Controllers\Visualisasi))
#6 C:\xampp\htdocs\db\simisca\vendor\codeigniter4\framework\system\CodeIgniter.php(312): CodeIgniter\CodeIgniter->handleRequest(NULL, Object(Config\Cache), false)
#7 C:\xampp\htdocs\db\simisca\public\index.php(45): CodeIgniter\CodeIgniter->run()
#8 {main}
CRITICAL - 2021-02-03 07:00:50 --> Column 'kode' in field list is ambiguous
#0 C:\xampp\htdocs\db\simisca\vendor\codeigniter4\framework\system\Database\MySQLi\Connection.php(331): mysqli->query('SELECT `namasat...')
#1 C:\xampp\htdocs\db\simisca\vendor\codeigniter4\framework\system\Database\BaseConnection.php(741): CodeIgniter\Database\MySQLi\Connection->execute('SELECT `namasat...')
#2 C:\xampp\htdocs\db\simisca\vendor\codeigniter4\framework\system\Database\BaseConnection.php(669): CodeIgniter\Database\BaseConnection->simpleQuery('SELECT `namasat...')
#3 C:\xampp\htdocs\db\simisca\vendor\codeigniter4\framework\system\Database\BaseBuilder.php(1860): CodeIgniter\Database\BaseConnection->query('SELECT `namasat...', Array, false)
#4 C:\xampp\htdocs\db\simisca\app\Models\Pegawai_model.php(22): CodeIgniter\Database\BaseBuilder->get()
#5 C:\xampp\htdocs\db\simisca\app\Controllers\Visualisasi.php(74): App\Models\Pegawai_model->filter(Array)
#6 C:\xampp\htdocs\db\simisca\vendor\codeigniter4\framework\system\CodeIgniter.php(918): App\Controllers\Visualisasi->getTabel('pegawai')
#7 C:\xampp\htdocs\db\simisca\vendor\codeigniter4\framework\system\CodeIgniter.php(404): CodeIgniter\CodeIgniter->runController(Object(App\Controllers\Visualisasi))
#8 C:\xampp\htdocs\db\simisca\vendor\codeigniter4\framework\system\CodeIgniter.php(312): CodeIgniter\CodeIgniter->handleRequest(NULL, Object(Config\Cache), false)
#9 C:\xampp\htdocs\db\simisca\public\index.php(45): CodeIgniter\CodeIgniter->run()
#10 {main}
CRITICAL - 2021-02-03 18:52:57 --> Undefined index: token
#0 C:\xampp\htdocs\db\simisca\app\Controllers\Dashboard.php(28): CodeIgniter\Debug\Exceptions->errorHandler(8, 'Undefined index...', 'C:\\xampp\\htdocs...', 28, Array)
#1 C:\xampp\htdocs\db\simisca\vendor\codeigniter4\framework\system\CodeIgniter.php(918): App\Controllers\Dashboard->survei()
#2 C:\xampp\htdocs\db\simisca\vendor\codeigniter4\framework\system\CodeIgniter.php(404): CodeIgniter\CodeIgniter->runController(Object(App\Controllers\Dashboard))
#3 C:\xampp\htdocs\db\simisca\vendor\codeigniter4\framework\system\CodeIgniter.php(312): CodeIgniter\CodeIgniter->handleRequest(NULL, Object(Config\Cache), false)
#4 C:\xampp\htdocs\db\simisca\public\index.php(45): CodeIgniter\CodeIgniter->run()
#5 {main}
CRITICAL - 2021-02-03 19:01:58 --> Undefined offset: 0
#0 C:\xampp\htdocs\db\simisca\app\Controllers\Dashboard.php(27): CodeIgniter\Debug\Exceptions->errorHandler(8, 'Undefined offse...', 'C:\\xampp\\htdocs...', 27, Array)
#1 C:\xampp\htdocs\db\simisca\vendor\codeigniter4\framework\system\CodeIgniter.php(918): App\Controllers\Dashboard->survei()
#2 C:\xampp\htdocs\db\simisca\vendor\codeigniter4\framework\system\CodeIgniter.php(404): CodeIgniter\CodeIgniter->runController(Object(App\Controllers\Dashboard))
#3 C:\xampp\htdocs\db\simisca\vendor\codeigniter4\framework\system\CodeIgniter.php(312): CodeIgniter\CodeIgniter->handleRequest(NULL, Object(Config\Cache), false)
#4 C:\xampp\htdocs\db\simisca\public\index.php(45): CodeIgniter\CodeIgniter->run()
#5 {main}
CRITICAL - 2021-02-03 19:04:40 --> Undefined offset: 0
#0 C:\xampp\htdocs\db\simisca\app\Models\Survei_model.php(19): CodeIgniter\Debug\Exceptions->errorHandler(8, 'Undefined offse...', 'C:\\xampp\\htdocs...', 19, Array)
#1 C:\xampp\htdocs\db\simisca\app\Controllers\Dashboard.php(27): App\Models\Survei_model->getToken('nurani.aprilia@...')
#2 C:\xampp\htdocs\db\simisca\vendor\codeigniter4\framework\system\CodeIgniter.php(918): App\Controllers\Dashboard->survei()
#3 C:\xampp\htdocs\db\simisca\vendor\codeigniter4\framework\system\CodeIgniter.php(404): CodeIgniter\CodeIgniter->runController(Object(App\Controllers\Dashboard))
#4 C:\xampp\htdocs\db\simisca\vendor\codeigniter4\framework\system\CodeIgniter.php(312): CodeIgniter\CodeIgniter->handleRequest(NULL, Object(Config\Cache), false)
#5 C:\xampp\htdocs\db\simisca\public\index.php(45): CodeIgniter\CodeIgniter->run()
#6 {main}
CRITICAL - 2021-02-03 19:16:06 --> Argument 2 passed to view() must be of the type array, null given, called in C:\xampp\htdocs\db\simisca\app\Controllers\Dashboard.php on line 35
#0 C:\xampp\htdocs\db\simisca\app\Controllers\Dashboard.php(35): view('dashboard/surve...', NULL)
#1 C:\xampp\htdocs\db\simisca\vendor\codeigniter4\framework\system\CodeIgniter.php(918): App\Controllers\Dashboard->survei()
#2 C:\xampp\htdocs\db\simisca\vendor\codeigniter4\framework\system\CodeIgniter.php(404): CodeIgniter\CodeIgniter->runController(Object(App\Controllers\Dashboard))
#3 C:\xampp\htdocs\db\simisca\vendor\codeigniter4\framework\system\CodeIgniter.php(312): CodeIgniter\CodeIgniter->handleRequest(NULL, Object(Config\Cache), false)
#4 C:\xampp\htdocs\db\simisca\public\index.php(45): CodeIgniter\CodeIgniter->run()
#5 {main}
CRITICAL - 2021-02-03 23:57:21 --> Argument 2 passed to CodeIgniter\Database\BaseBuilder::like() must be of the type string, null given, called in C:\xampp\htdocs\db\simisca\app\Models\Survei_model.php on line 17
#0 C:\xampp\htdocs\db\simisca\app\Models\Survei_model.php(17): CodeIgniter\Database\BaseBuilder->like('email', NULL)
#1 C:\xampp\htdocs\db\simisca\app\Controllers\Dashboard.php(27): App\Models\Survei_model->getToken(NULL)
#2 C:\xampp\htdocs\db\simisca\vendor\codeigniter4\framework\system\CodeIgniter.php(918): App\Controllers\Dashboard->survei()
#3 C:\xampp\htdocs\db\simisca\vendor\codeigniter4\framework\system\CodeIgniter.php(404): CodeIgniter\CodeIgniter->runController(Object(App\Controllers\Dashboard))
#4 C:\xampp\htdocs\db\simisca\vendor\codeigniter4\framework\system\CodeIgniter.php(312): CodeIgniter\CodeIgniter->handleRequest(NULL, Object(Config\Cache), false)
#5 C:\xampp\htdocs\db\simisca\public\index.php(45): CodeIgniter\CodeIgniter->run()
#6 {main}
