CRITICAL - 2021-02-06 10:59:21 --> Unknown column 'email' in 'where clause'
#0 C:\xampp\htdocs\db\simisca\vendor\codeigniter4\framework\system\Database\MySQLi\Connection.php(331): mysqli->query('SELECT `token`\n...')
#1 C:\xampp\htdocs\db\simisca\vendor\codeigniter4\framework\system\Database\BaseConnection.php(741): CodeIgniter\Database\MySQLi\Connection->execute('SELECT `token`\n...')
#2 C:\xampp\htdocs\db\simisca\vendor\codeigniter4\framework\system\Database\BaseConnection.php(669): CodeIgniter\Database\BaseConnection->simpleQuery('SELECT `token`\n...')
#3 C:\xampp\htdocs\db\simisca\vendor\codeigniter4\framework\system\Database\BaseBuilder.php(1860): CodeIgniter\Database\BaseConnection->query('SELECT `token`\n...', Array, false)
#4 C:\xampp\htdocs\db\simisca\app\Models\Survei_model.php(19): CodeIgniter\Database\BaseBuilder->get()
#5 C:\xampp\htdocs\db\simisca\app\Controllers\Dashboard.php(31): App\Models\Survei_model->getToken('nurani.aprilia@...')
#6 C:\xampp\htdocs\db\simisca\vendor\codeigniter4\framework\system\CodeIgniter.php(918): App\Controllers\Dashboard->survei()
#7 C:\xampp\htdocs\db\simisca\vendor\codeigniter4\framework\system\CodeIgniter.php(404): CodeIgniter\CodeIgniter->runController(Object(App\Controllers\Dashboard))
#8 C:\xampp\htdocs\db\simisca\vendor\codeigniter4\framework\system\CodeIgniter.php(312): CodeIgniter\CodeIgniter->handleRequest(NULL, Object(Config\Cache), false)
#9 C:\xampp\htdocs\db\index.php(44): CodeIgniter\CodeIgniter->run()
#10 {main}
CRITICAL - 2021-02-06 10:59:42 --> Unknown column 'email' in 'where clause'
#0 C:\xampp\htdocs\db\simisca\vendor\codeigniter4\framework\system\Database\MySQLi\Connection.php(331): mysqli->query('SELECT `token`\n...')
#1 C:\xampp\htdocs\db\simisca\vendor\codeigniter4\framework\system\Database\BaseConnection.php(741): CodeIgniter\Database\MySQLi\Connection->execute('SELECT `token`\n...')
#2 C:\xampp\htdocs\db\simisca\vendor\codeigniter4\framework\system\Database\BaseConnection.php(669): CodeIgniter\Database\BaseConnection->simpleQuery('SELECT `token`\n...')
#3 C:\xampp\htdocs\db\simisca\vendor\codeigniter4\framework\system\Database\BaseBuilder.php(1860): CodeIgniter\Database\BaseConnection->query('SELECT `token`\n...', Array, false)
#4 C:\xampp\htdocs\db\simisca\app\Models\Survei_model.php(19): CodeIgniter\Database\BaseBuilder->get()
#5 C:\xampp\htdocs\db\simisca\app\Controllers\Dashboard.php(31): App\Models\Survei_model->getToken('nurani.aprilia@...')
#6 C:\xampp\htdocs\db\simisca\vendor\codeigniter4\framework\system\CodeIgniter.php(918): App\Controllers\Dashboard->survei()
#7 C:\xampp\htdocs\db\simisca\vendor\codeigniter4\framework\system\CodeIgniter.php(404): CodeIgniter\CodeIgniter->runController(Object(App\Controllers\Dashboard))
#8 C:\xampp\htdocs\db\simisca\vendor\codeigniter4\framework\system\CodeIgniter.php(312): CodeIgniter\CodeIgniter->handleRequest(NULL, Object(Config\Cache), false)
#9 C:\xampp\htdocs\db\index.php(44): CodeIgniter\CodeIgniter->run()
#10 {main}
CRITICAL - 2021-02-06 11:00:35 --> Unknown column 'email' in 'where clause'
#0 C:\xampp\htdocs\db\simisca\vendor\codeigniter4\framework\system\Database\MySQLi\Connection.php(331): mysqli->query('SELECT `token`\n...')
#1 C:\xampp\htdocs\db\simisca\vendor\codeigniter4\framework\system\Database\BaseConnection.php(741): CodeIgniter\Database\MySQLi\Connection->execute('SELECT `token`\n...')
#2 C:\xampp\htdocs\db\simisca\vendor\codeigniter4\framework\system\Database\BaseConnection.php(669): CodeIgniter\Database\BaseConnection->simpleQuery('SELECT `token`\n...')
#3 C:\xampp\htdocs\db\simisca\vendor\codeigniter4\framework\system\Database\BaseBuilder.php(1860): CodeIgniter\Database\BaseConnection->query('SELECT `token`\n...', Array, false)
#4 C:\xampp\htdocs\db\simisca\app\Models\Survei_model.php(19): CodeIgniter\Database\BaseBuilder->get()
#5 C:\xampp\htdocs\db\simisca\app\Controllers\Dashboard.php(31): App\Models\Survei_model->getToken('nurani.aprilia@...')
#6 C:\xampp\htdocs\db\simisca\vendor\codeigniter4\framework\system\CodeIgniter.php(918): App\Controllers\Dashboard->survei()
#7 C:\xampp\htdocs\db\simisca\vendor\codeigniter4\framework\system\CodeIgniter.php(404): CodeIgniter\CodeIgniter->runController(Object(App\Controllers\Dashboard))
#8 C:\xampp\htdocs\db\simisca\vendor\codeigniter4\framework\system\CodeIgniter.php(312): CodeIgniter\CodeIgniter->handleRequest(NULL, Object(Config\Cache), false)
#9 C:\xampp\htdocs\db\index.php(44): CodeIgniter\CodeIgniter->run()
#10 {main}
