CRITICAL - 2021-01-31 09:07:12 --> Unable to connect to the database.
#0 C:\xampp\htdocs\db\simisca\vendor\codeigniter4\framework\system\Database\BaseConnection.php(646): CodeIgniter\Database\BaseConnection->initialize()
#1 C:\xampp\htdocs\db\simisca\vendor\codeigniter4\framework\system\Database\BaseBuilder.php(1860): CodeIgniter\Database\BaseConnection->query('SELECT *\nFROM `...', Array, false)
#2 C:\xampp\htdocs\db\simisca\app\Models\Satker_model.php(35): CodeIgniter\Database\BaseBuilder->get()
#3 C:\xampp\htdocs\db\simisca\app\Controllers\Visualisasi.php(53): App\Models\Satker_model->filter(Array)
#4 C:\xampp\htdocs\db\simisca\vendor\codeigniter4\framework\system\CodeIgniter.php(918): App\Controllers\Visualisasi->getTabel()
#5 C:\xampp\htdocs\db\simisca\vendor\codeigniter4\framework\system\CodeIgniter.php(404): CodeIgniter\CodeIgniter->runController(Object(App\Controllers\Visualisasi))
#6 C:\xampp\htdocs\db\simisca\vendor\codeigniter4\framework\system\CodeIgniter.php(312): CodeIgniter\CodeIgniter->handleRequest(NULL, Object(Config\Cache), false)
#7 C:\xampp\htdocs\db\simisca\public\index.php(45): CodeIgniter\CodeIgniter->run()
#8 {main}
CRITICAL - 2021-01-31 09:07:22 --> Unable to connect to the database.
#0 C:\xampp\htdocs\db\simisca\vendor\codeigniter4\framework\system\Database\BaseConnection.php(646): CodeIgniter\Database\BaseConnection->initialize()
#1 C:\xampp\htdocs\db\simisca\vendor\codeigniter4\framework\system\Database\BaseBuilder.php(1860): CodeIgniter\Database\BaseConnection->query('SELECT *\nFROM `...', Array, false)
#2 C:\xampp\htdocs\db\simisca\app\Models\Satker_model.php(35): CodeIgniter\Database\BaseBuilder->get()
#3 C:\xampp\htdocs\db\simisca\app\Controllers\Visualisasi.php(53): App\Models\Satker_model->filter(Array)
#4 C:\xampp\htdocs\db\simisca\vendor\codeigniter4\framework\system\CodeIgniter.php(918): App\Controllers\Visualisasi->getTabel()
#5 C:\xampp\htdocs\db\simisca\vendor\codeigniter4\framework\system\CodeIgniter.php(404): CodeIgniter\CodeIgniter->runController(Object(App\Controllers\Visualisasi))
#6 C:\xampp\htdocs\db\simisca\vendor\codeigniter4\framework\system\CodeIgniter.php(312): CodeIgniter\CodeIgniter->handleRequest(NULL, Object(Config\Cache), false)
#7 C:\xampp\htdocs\db\simisca\public\index.php(45): CodeIgniter\CodeIgniter->run()
#8 {main}
CRITICAL - 2021-01-31 09:09:50 --> Unable to connect to the database.
#0 C:\xampp\htdocs\db\simisca\vendor\codeigniter4\framework\system\Database\BaseConnection.php(646): CodeIgniter\Database\BaseConnection->initialize()
#1 C:\xampp\htdocs\db\simisca\vendor\codeigniter4\framework\system\Database\BaseBuilder.php(1860): CodeIgniter\Database\BaseConnection->query('SELECT *\nFROM `...', Array, false)
#2 C:\xampp\htdocs\db\simisca\app\Models\Satker_model.php(35): CodeIgniter\Database\BaseBuilder->get()
#3 C:\xampp\htdocs\db\simisca\app\Controllers\Visualisasi.php(53): App\Models\Satker_model->filter(Array)
#4 C:\xampp\htdocs\db\simisca\vendor\codeigniter4\framework\system\CodeIgniter.php(918): App\Controllers\Visualisasi->getTabel()
#5 C:\xampp\htdocs\db\simisca\vendor\codeigniter4\framework\system\CodeIgniter.php(404): CodeIgniter\CodeIgniter->runController(Object(App\Controllers\Visualisasi))
#6 C:\xampp\htdocs\db\simisca\vendor\codeigniter4\framework\system\CodeIgniter.php(312): CodeIgniter\CodeIgniter->handleRequest(NULL, Object(Config\Cache), false)
#7 C:\xampp\htdocs\db\simisca\public\index.php(45): CodeIgniter\CodeIgniter->run()
#8 {main}
CRITICAL - 2021-01-31 09:10:27 --> Unable to connect to the database.
#0 C:\xampp\htdocs\db\simisca\vendor\codeigniter4\framework\system\Database\BaseConnection.php(646): CodeIgniter\Database\BaseConnection->initialize()
#1 C:\xampp\htdocs\db\simisca\vendor\codeigniter4\framework\system\Database\BaseBuilder.php(1860): CodeIgniter\Database\BaseConnection->query('SELECT *\nFROM `...', Array, false)
#2 C:\xampp\htdocs\db\simisca\app\Models\Satker_model.php(35): CodeIgniter\Database\BaseBuilder->get()
#3 C:\xampp\htdocs\db\simisca\app\Controllers\Visualisasi.php(53): App\Models\Satker_model->filter(Array)
#4 C:\xampp\htdocs\db\simisca\vendor\codeigniter4\framework\system\CodeIgniter.php(918): App\Controllers\Visualisasi->getTabel()
#5 C:\xampp\htdocs\db\simisca\vendor\codeigniter4\framework\system\CodeIgniter.php(404): CodeIgniter\CodeIgniter->runController(Object(App\Controllers\Visualisasi))
#6 C:\xampp\htdocs\db\simisca\vendor\codeigniter4\framework\system\CodeIgniter.php(312): CodeIgniter\CodeIgniter->handleRequest(NULL, Object(Config\Cache), false)
#7 C:\xampp\htdocs\db\simisca\public\index.php(45): CodeIgniter\CodeIgniter->run()
#8 {main}
CRITICAL - 2021-01-31 09:13:04 --> Unknown column 'dimensi.kodesatker' in 'on clause'
#0 C:\xampp\htdocs\db\simisca\vendor\codeigniter4\framework\system\Database\MySQLi\Connection.php(331): mysqli->query('SELECT *\nFROM `...')
#1 C:\xampp\htdocs\db\simisca\vendor\codeigniter4\framework\system\Database\BaseConnection.php(741): CodeIgniter\Database\MySQLi\Connection->execute('SELECT *\nFROM `...')
#2 C:\xampp\htdocs\db\simisca\vendor\codeigniter4\framework\system\Database\BaseConnection.php(669): CodeIgniter\Database\BaseConnection->simpleQuery('SELECT *\nFROM `...')
#3 C:\xampp\htdocs\db\simisca\vendor\codeigniter4\framework\system\Database\BaseBuilder.php(1860): CodeIgniter\Database\BaseConnection->query('SELECT *\nFROM `...', Array, false)
#4 C:\xampp\htdocs\db\simisca\app\Models\Satker_model.php(35): CodeIgniter\Database\BaseBuilder->get()
#5 C:\xampp\htdocs\db\simisca\app\Controllers\Visualisasi.php(53): App\Models\Satker_model->filter(Array)
#6 C:\xampp\htdocs\db\simisca\vendor\codeigniter4\framework\system\CodeIgniter.php(918): App\Controllers\Visualisasi->getTabel()
#7 C:\xampp\htdocs\db\simisca\vendor\codeigniter4\framework\system\CodeIgniter.php(404): CodeIgniter\CodeIgniter->runController(Object(App\Controllers\Visualisasi))
#8 C:\xampp\htdocs\db\simisca\vendor\codeigniter4\framework\system\CodeIgniter.php(312): CodeIgniter\CodeIgniter->handleRequest(NULL, Object(Config\Cache), false)
#9 C:\xampp\htdocs\db\simisca\public\index.php(45): CodeIgniter\CodeIgniter->run()
#10 {main}
CRITICAL - 2021-01-31 09:48:35 --> Table 'pkl60-riset3.dimensi-satker' doesn't exist
#0 C:\xampp\htdocs\db\simisca\vendor\codeigniter4\framework\system\Database\MySQLi\Connection.php(331): mysqli->query('SELECT *\nFROM `...')
#1 C:\xampp\htdocs\db\simisca\vendor\codeigniter4\framework\system\Database\BaseConnection.php(741): CodeIgniter\Database\MySQLi\Connection->execute('SELECT *\nFROM `...')
#2 C:\xampp\htdocs\db\simisca\vendor\codeigniter4\framework\system\Database\BaseConnection.php(669): CodeIgniter\Database\BaseConnection->simpleQuery('SELECT *\nFROM `...')
#3 C:\xampp\htdocs\db\simisca\vendor\codeigniter4\framework\system\Database\BaseBuilder.php(1860): CodeIgniter\Database\BaseConnection->query('SELECT *\nFROM `...', Array, false)
#4 C:\xampp\htdocs\db\simisca\app\Models\Satker_model.php(35): CodeIgniter\Database\BaseBuilder->get()
#5 C:\xampp\htdocs\db\simisca\app\Controllers\Visualisasi.php(53): App\Models\Satker_model->filter(Array)
#6 C:\xampp\htdocs\db\simisca\vendor\codeigniter4\framework\system\CodeIgniter.php(918): App\Controllers\Visualisasi->getTabel()
#7 C:\xampp\htdocs\db\simisca\vendor\codeigniter4\framework\system\CodeIgniter.php(404): CodeIgniter\CodeIgniter->runController(Object(App\Controllers\Visualisasi))
#8 C:\xampp\htdocs\db\simisca\vendor\codeigniter4\framework\system\CodeIgniter.php(312): CodeIgniter\CodeIgniter->handleRequest(NULL, Object(Config\Cache), false)
#9 C:\xampp\htdocs\db\simisca\public\index.php(45): CodeIgniter\CodeIgniter->run()
#10 {main}
CRITICAL - 2021-01-31 09:49:01 --> Table 'pkl60-riset3.dimensi-satker' doesn't exist
#0 C:\xampp\htdocs\db\simisca\vendor\codeigniter4\framework\system\Database\MySQLi\Connection.php(331): mysqli->query('SELECT *\nFROM `...')
#1 C:\xampp\htdocs\db\simisca\vendor\codeigniter4\framework\system\Database\BaseConnection.php(741): CodeIgniter\Database\MySQLi\Connection->execute('SELECT *\nFROM `...')
#2 C:\xampp\htdocs\db\simisca\vendor\codeigniter4\framework\system\Database\BaseConnection.php(669): CodeIgniter\Database\BaseConnection->simpleQuery('SELECT *\nFROM `...')
#3 C:\xampp\htdocs\db\simisca\vendor\codeigniter4\framework\system\Database\BaseBuilder.php(1860): CodeIgniter\Database\BaseConnection->query('SELECT *\nFROM `...', Array, false)
#4 C:\xampp\htdocs\db\simisca\app\Models\Satker_model.php(35): CodeIgniter\Database\BaseBuilder->get()
#5 C:\xampp\htdocs\db\simisca\app\Controllers\Visualisasi.php(53): App\Models\Satker_model->filter(Array)
#6 C:\xampp\htdocs\db\simisca\vendor\codeigniter4\framework\system\CodeIgniter.php(918): App\Controllers\Visualisasi->getTabel()
#7 C:\xampp\htdocs\db\simisca\vendor\codeigniter4\framework\system\CodeIgniter.php(404): CodeIgniter\CodeIgniter->runController(Object(App\Controllers\Visualisasi))
#8 C:\xampp\htdocs\db\simisca\vendor\codeigniter4\framework\system\CodeIgniter.php(312): CodeIgniter\CodeIgniter->handleRequest(NULL, Object(Config\Cache), false)
#9 C:\xampp\htdocs\db\simisca\public\index.php(45): CodeIgniter\CodeIgniter->run()
#10 {main}
CRITICAL - 2021-01-31 21:54:58 --> Table 'pkl60-riset3.index-satker' doesn't exist
#0 C:\xampp\htdocs\db\simisca\vendor\codeigniter4\framework\system\Database\MySQLi\Connection.php(331): mysqli->query('SELECT *\nFROM `...')
#1 C:\xampp\htdocs\db\simisca\vendor\codeigniter4\framework\system\Database\BaseConnection.php(741): CodeIgniter\Database\MySQLi\Connection->execute('SELECT *\nFROM `...')
#2 C:\xampp\htdocs\db\simisca\vendor\codeigniter4\framework\system\Database\BaseConnection.php(669): CodeIgniter\Database\BaseConnection->simpleQuery('SELECT *\nFROM `...')
#3 C:\xampp\htdocs\db\simisca\vendor\codeigniter4\framework\system\Database\BaseBuilder.php(1860): CodeIgniter\Database\BaseConnection->query('SELECT *\nFROM `...', Array, false)
#4 C:\xampp\htdocs\db\simisca\app\Models\Satker_model.php(28): CodeIgniter\Database\BaseBuilder->get()
#5 C:\xampp\htdocs\db\simisca\app\Controllers\Visualisasi.php(63): App\Models\Satker_model->filter(Array)
#6 C:\xampp\htdocs\db\simisca\vendor\codeigniter4\framework\system\CodeIgniter.php(918): App\Controllers\Visualisasi->getTabel()
#7 C:\xampp\htdocs\db\simisca\vendor\codeigniter4\framework\system\CodeIgniter.php(404): CodeIgniter\CodeIgniter->runController(Object(App\Controllers\Visualisasi))
#8 C:\xampp\htdocs\db\simisca\vendor\codeigniter4\framework\system\CodeIgniter.php(312): CodeIgniter\CodeIgniter->handleRequest(NULL, Object(Config\Cache), false)
#9 C:\xampp\htdocs\db\simisca\public\index.php(45): CodeIgniter\CodeIgniter->run()
#10 {main}
CRITICAL - 2021-01-31 22:02:19 --> Unknown column 'sub_bencana_covid_19' in 'field list'
#0 C:\xampp\htdocs\db\simisca\vendor\codeigniter4\framework\system\Database\MySQLi\Connection.php(331): mysqli->query('SELECT `namasat...')
#1 C:\xampp\htdocs\db\simisca\vendor\codeigniter4\framework\system\Database\BaseConnection.php(741): CodeIgniter\Database\MySQLi\Connection->execute('SELECT `namasat...')
#2 C:\xampp\htdocs\db\simisca\vendor\codeigniter4\framework\system\Database\BaseConnection.php(669): CodeIgniter\Database\BaseConnection->simpleQuery('SELECT `namasat...')
#3 C:\xampp\htdocs\db\simisca\vendor\codeigniter4\framework\system\Database\BaseBuilder.php(1860): CodeIgniter\Database\BaseConnection->query('SELECT `namasat...', Array, false)
#4 C:\xampp\htdocs\db\simisca\app\Models\Satker_model.php(31): CodeIgniter\Database\BaseBuilder->get()
#5 C:\xampp\htdocs\db\simisca\app\Controllers\Visualisasi.php(63): App\Models\Satker_model->filter(Array)
#6 C:\xampp\htdocs\db\simisca\vendor\codeigniter4\framework\system\CodeIgniter.php(918): App\Controllers\Visualisasi->getTabel()
#7 C:\xampp\htdocs\db\simisca\vendor\codeigniter4\framework\system\CodeIgniter.php(404): CodeIgniter\CodeIgniter->runController(Object(App\Controllers\Visualisasi))
#8 C:\xampp\htdocs\db\simisca\vendor\codeigniter4\framework\system\CodeIgniter.php(312): CodeIgniter\CodeIgniter->handleRequest(NULL, Object(Config\Cache), false)
#9 C:\xampp\htdocs\db\simisca\public\index.php(45): CodeIgniter\CodeIgniter->run()
#10 {main}
CRITICAL - 2021-01-31 22:07:42 --> Undefined index: keselurhan
#0 C:\xampp\htdocs\db\simisca\app\Models\Satker_model.php(20): CodeIgniter\Debug\Exceptions->errorHandler(8, 'Undefined index...', 'C:\\xampp\\htdocs...', 20, Array)
#1 C:\xampp\htdocs\db\simisca\app\Controllers\Visualisasi.php(63): App\Models\Satker_model->filter(Array)
#2 C:\xampp\htdocs\db\simisca\vendor\codeigniter4\framework\system\CodeIgniter.php(918): App\Controllers\Visualisasi->getTabel()
#3 C:\xampp\htdocs\db\simisca\vendor\codeigniter4\framework\system\CodeIgniter.php(404): CodeIgniter\CodeIgniter->runController(Object(App\Controllers\Visualisasi))
#4 C:\xampp\htdocs\db\simisca\vendor\codeigniter4\framework\system\CodeIgniter.php(312): CodeIgniter\CodeIgniter->handleRequest(NULL, Object(Config\Cache), false)
#5 C:\xampp\htdocs\db\simisca\public\index.php(45): CodeIgniter\CodeIgniter->run()
#6 {main}
CRITICAL - 2021-01-31 22:11:12 --> Unknown column 'dsdb_bencana_alam' in 'field list'
#0 C:\xampp\htdocs\db\simisca\vendor\codeigniter4\framework\system\Database\MySQLi\Connection.php(331): mysqli->query('SELECT `namasat...')
#1 C:\xampp\htdocs\db\simisca\vendor\codeigniter4\framework\system\Database\BaseConnection.php(741): CodeIgniter\Database\MySQLi\Connection->execute('SELECT `namasat...')
#2 C:\xampp\htdocs\db\simisca\vendor\codeigniter4\framework\system\Database\BaseConnection.php(669): CodeIgniter\Database\BaseConnection->simpleQuery('SELECT `namasat...')
#3 C:\xampp\htdocs\db\simisca\vendor\codeigniter4\framework\system\Database\BaseBuilder.php(1860): CodeIgniter\Database\BaseConnection->query('SELECT `namasat...', Array, false)
#4 C:\xampp\htdocs\db\simisca\app\Models\Satker_model.php(36): CodeIgniter\Database\BaseBuilder->get()
#5 C:\xampp\htdocs\db\simisca\app\Controllers\Visualisasi.php(63): App\Models\Satker_model->filter(Array)
#6 C:\xampp\htdocs\db\simisca\vendor\codeigniter4\framework\system\CodeIgniter.php(918): App\Controllers\Visualisasi->getTabel()
#7 C:\xampp\htdocs\db\simisca\vendor\codeigniter4\framework\system\CodeIgniter.php(404): CodeIgniter\CodeIgniter->runController(Object(App\Controllers\Visualisasi))
#8 C:\xampp\htdocs\db\simisca\vendor\codeigniter4\framework\system\CodeIgniter.php(312): CodeIgniter\CodeIgniter->handleRequest(NULL, Object(Config\Cache), false)
#9 C:\xampp\htdocs\db\simisca\public\index.php(45): CodeIgniter\CodeIgniter->run()
#10 {main}
CRITICAL - 2021-01-31 22:17:42 --> Unknown column 'index_satker.kode_bencana_kebakaran' in 'on clause'
#0 C:\xampp\htdocs\db\simisca\vendor\codeigniter4\framework\system\Database\MySQLi\Connection.php(331): mysqli->query('SELECT `namasat...')
#1 C:\xampp\htdocs\db\simisca\vendor\codeigniter4\framework\system\Database\BaseConnection.php(741): CodeIgniter\Database\MySQLi\Connection->execute('SELECT `namasat...')
#2 C:\xampp\htdocs\db\simisca\vendor\codeigniter4\framework\system\Database\BaseConnection.php(669): CodeIgniter\Database\BaseConnection->simpleQuery('SELECT `namasat...')
#3 C:\xampp\htdocs\db\simisca\vendor\codeigniter4\framework\system\Database\BaseBuilder.php(1860): CodeIgniter\Database\BaseConnection->query('SELECT `namasat...', Array, false)
#4 C:\xampp\htdocs\db\simisca\app\Models\Satker_model.php(40): CodeIgniter\Database\BaseBuilder->get()
#5 C:\xampp\htdocs\db\simisca\app\Controllers\Visualisasi.php(63): App\Models\Satker_model->filter(Array)
#6 C:\xampp\htdocs\db\simisca\vendor\codeigniter4\framework\system\CodeIgniter.php(918): App\Controllers\Visualisasi->getTabel()
#7 C:\xampp\htdocs\db\simisca\vendor\codeigniter4\framework\system\CodeIgniter.php(404): CodeIgniter\CodeIgniter->runController(Object(App\Controllers\Visualisasi))
#8 C:\xampp\htdocs\db\simisca\vendor\codeigniter4\framework\system\CodeIgniter.php(312): CodeIgniter\CodeIgniter->handleRequest(NULL, Object(Config\Cache), false)
#9 C:\xampp\htdocs\db\simisca\public\index.php(45): CodeIgniter\CodeIgniter->run()
#10 {main}
CRITICAL - 2021-01-31 22:22:26 --> Unknown column 'dsdp_bencana_kode_covid_19' in 'field list'
#0 C:\xampp\htdocs\db\simisca\vendor\codeigniter4\framework\system\Database\MySQLi\Connection.php(331): mysqli->query('SELECT `namasat...')
#1 C:\xampp\htdocs\db\simisca\vendor\codeigniter4\framework\system\Database\BaseConnection.php(741): CodeIgniter\Database\MySQLi\Connection->execute('SELECT `namasat...')
#2 C:\xampp\htdocs\db\simisca\vendor\codeigniter4\framework\system\Database\BaseConnection.php(669): CodeIgniter\Database\BaseConnection->simpleQuery('SELECT `namasat...')
#3 C:\xampp\htdocs\db\simisca\vendor\codeigniter4\framework\system\Database\BaseBuilder.php(1860): CodeIgniter\Database\BaseConnection->query('SELECT `namasat...', Array, false)
#4 C:\xampp\htdocs\db\simisca\app\Models\Satker_model.php(43): CodeIgniter\Database\BaseBuilder->get()
#5 C:\xampp\htdocs\db\simisca\app\Controllers\Visualisasi.php(63): App\Models\Satker_model->filter(Array)
#6 C:\xampp\htdocs\db\simisca\vendor\codeigniter4\framework\system\CodeIgniter.php(918): App\Controllers\Visualisasi->getTabel()
#7 C:\xampp\htdocs\db\simisca\vendor\codeigniter4\framework\system\CodeIgniter.php(404): CodeIgniter\CodeIgniter->runController(Object(App\Controllers\Visualisasi))
#8 C:\xampp\htdocs\db\simisca\vendor\codeigniter4\framework\system\CodeIgniter.php(312): CodeIgniter\CodeIgniter->handleRequest(NULL, Object(Config\Cache), false)
#9 C:\xampp\htdocs\db\simisca\public\index.php(45): CodeIgniter\CodeIgniter->run()
#10 {main}
CRITICAL - 2021-01-31 22:40:28 --> Array to string conversion
#0 C:\xampp\htdocs\db\simisca\app\Views\visualisasi\tabel.php(15): CodeIgniter\Debug\Exceptions->errorHandler(8, 'Array to string...', 'C:\\xampp\\htdocs...', 15, Array)
#1 C:\xampp\htdocs\db\simisca\vendor\codeigniter4\framework\system\View\View.php(246): include('C:\\xampp\\htdocs...')
#2 C:\xampp\htdocs\db\simisca\vendor\codeigniter4\framework\system\Common.php(1119): CodeIgniter\View\View->render('visualisasi/tab...', Array, true)
#3 C:\xampp\htdocs\db\simisca\app\Controllers\Visualisasi.php(65): view('visualisasi/tab...', Array)
#4 C:\xampp\htdocs\db\simisca\vendor\codeigniter4\framework\system\CodeIgniter.php(918): App\Controllers\Visualisasi->getTabel()
#5 C:\xampp\htdocs\db\simisca\vendor\codeigniter4\framework\system\CodeIgniter.php(404): CodeIgniter\CodeIgniter->runController(Object(App\Controllers\Visualisasi))
#6 C:\xampp\htdocs\db\simisca\vendor\codeigniter4\framework\system\CodeIgniter.php(312): CodeIgniter\CodeIgniter->handleRequest(NULL, Object(Config\Cache), false)
#7 C:\xampp\htdocs\db\simisca\public\index.php(45): CodeIgniter\CodeIgniter->run()
#8 {main}
CRITICAL - 2021-01-31 22:40:42 --> Array to string conversion
#0 C:\xampp\htdocs\db\simisca\app\Views\visualisasi\tabel.php(15): CodeIgniter\Debug\Exceptions->errorHandler(8, 'Array to string...', 'C:\\xampp\\htdocs...', 15, Array)
#1 C:\xampp\htdocs\db\simisca\vendor\codeigniter4\framework\system\View\View.php(246): include('C:\\xampp\\htdocs...')
#2 C:\xampp\htdocs\db\simisca\vendor\codeigniter4\framework\system\Common.php(1119): CodeIgniter\View\View->render('visualisasi/tab...', Array, true)
#3 C:\xampp\htdocs\db\simisca\app\Controllers\Visualisasi.php(65): view('visualisasi/tab...', Array)
#4 C:\xampp\htdocs\db\simisca\vendor\codeigniter4\framework\system\CodeIgniter.php(918): App\Controllers\Visualisasi->getTabel()
#5 C:\xampp\htdocs\db\simisca\vendor\codeigniter4\framework\system\CodeIgniter.php(404): CodeIgniter\CodeIgniter->runController(Object(App\Controllers\Visualisasi))
#6 C:\xampp\htdocs\db\simisca\vendor\codeigniter4\framework\system\CodeIgniter.php(312): CodeIgniter\CodeIgniter->handleRequest(NULL, Object(Config\Cache), false)
#7 C:\xampp\htdocs\db\simisca\public\index.php(45): CodeIgniter\CodeIgniter->run()
#8 {main}
CRITICAL - 2021-01-31 22:41:25 --> Trying to access array offset on value of type int
#0 C:\xampp\htdocs\db\simisca\app\Views\visualisasi\tabel.php(15): CodeIgniter\Debug\Exceptions->errorHandler(8, 'Trying to acces...', 'C:\\xampp\\htdocs...', 15, Array)
#1 C:\xampp\htdocs\db\simisca\vendor\codeigniter4\framework\system\View\View.php(246): include('C:\\xampp\\htdocs...')
#2 C:\xampp\htdocs\db\simisca\vendor\codeigniter4\framework\system\Common.php(1119): CodeIgniter\View\View->render('visualisasi/tab...', Array, true)
#3 C:\xampp\htdocs\db\simisca\app\Controllers\Visualisasi.php(65): view('visualisasi/tab...', Array)
#4 C:\xampp\htdocs\db\simisca\vendor\codeigniter4\framework\system\CodeIgniter.php(918): App\Controllers\Visualisasi->getTabel()
#5 C:\xampp\htdocs\db\simisca\vendor\codeigniter4\framework\system\CodeIgniter.php(404): CodeIgniter\CodeIgniter->runController(Object(App\Controllers\Visualisasi))
#6 C:\xampp\htdocs\db\simisca\vendor\codeigniter4\framework\system\CodeIgniter.php(312): CodeIgniter\CodeIgniter->handleRequest(NULL, Object(Config\Cache), false)
#7 C:\xampp\htdocs\db\simisca\public\index.php(45): CodeIgniter\CodeIgniter->run()
#8 {main}
CRITICAL - 2021-01-31 22:43:40 --> Array to string conversion
#0 C:\xampp\htdocs\db\simisca\app\Views\visualisasi\tabel.php(15): CodeIgniter\Debug\Exceptions->errorHandler(8, 'Array to string...', 'C:\\xampp\\htdocs...', 15, Array)
#1 C:\xampp\htdocs\db\simisca\vendor\codeigniter4\framework\system\View\View.php(246): include('C:\\xampp\\htdocs...')
#2 C:\xampp\htdocs\db\simisca\vendor\codeigniter4\framework\system\Common.php(1119): CodeIgniter\View\View->render('visualisasi/tab...', Array, true)
#3 C:\xampp\htdocs\db\simisca\app\Controllers\Visualisasi.php(65): view('visualisasi/tab...', Array)
#4 C:\xampp\htdocs\db\simisca\vendor\codeigniter4\framework\system\CodeIgniter.php(918): App\Controllers\Visualisasi->getTabel()
#5 C:\xampp\htdocs\db\simisca\vendor\codeigniter4\framework\system\CodeIgniter.php(404): CodeIgniter\CodeIgniter->runController(Object(App\Controllers\Visualisasi))
#6 C:\xampp\htdocs\db\simisca\vendor\codeigniter4\framework\system\CodeIgniter.php(312): CodeIgniter\CodeIgniter->handleRequest(NULL, Object(Config\Cache), false)
#7 C:\xampp\htdocs\db\simisca\public\index.php(45): CodeIgniter\CodeIgniter->run()
#8 {main}
CRITICAL - 2021-01-31 22:51:34 --> Array to string conversion
#0 C:\xampp\htdocs\db\simisca\app\Views\visualisasi\tabel.php(15): CodeIgniter\Debug\Exceptions->errorHandler(8, 'Array to string...', 'C:\\xampp\\htdocs...', 15, Array)
#1 C:\xampp\htdocs\db\simisca\vendor\codeigniter4\framework\system\View\View.php(246): include('C:\\xampp\\htdocs...')
#2 C:\xampp\htdocs\db\simisca\vendor\codeigniter4\framework\system\Common.php(1119): CodeIgniter\View\View->render('visualisasi/tab...', Array, true)
#3 C:\xampp\htdocs\db\simisca\app\Controllers\Visualisasi.php(65): view('visualisasi/tab...', Array)
#4 C:\xampp\htdocs\db\simisca\vendor\codeigniter4\framework\system\CodeIgniter.php(918): App\Controllers\Visualisasi->getTabel()
#5 C:\xampp\htdocs\db\simisca\vendor\codeigniter4\framework\system\CodeIgniter.php(404): CodeIgniter\CodeIgniter->runController(Object(App\Controllers\Visualisasi))
#6 C:\xampp\htdocs\db\simisca\vendor\codeigniter4\framework\system\CodeIgniter.php(312): CodeIgniter\CodeIgniter->handleRequest(NULL, Object(Config\Cache), false)
#7 C:\xampp\htdocs\db\simisca\public\index.php(45): CodeIgniter\CodeIgniter->run()
#8 {main}
CRITICAL - 2021-01-31 22:51:47 --> Array to string conversion
#0 C:\xampp\htdocs\db\simisca\app\Views\visualisasi\tabel.php(14): CodeIgniter\Debug\Exceptions->errorHandler(8, 'Array to string...', 'C:\\xampp\\htdocs...', 14, Array)
#1 C:\xampp\htdocs\db\simisca\vendor\codeigniter4\framework\system\View\View.php(246): include('C:\\xampp\\htdocs...')
#2 C:\xampp\htdocs\db\simisca\vendor\codeigniter4\framework\system\Common.php(1119): CodeIgniter\View\View->render('visualisasi/tab...', Array, true)
#3 C:\xampp\htdocs\db\simisca\app\Controllers\Visualisasi.php(65): view('visualisasi/tab...', Array)
#4 C:\xampp\htdocs\db\simisca\vendor\codeigniter4\framework\system\CodeIgniter.php(918): App\Controllers\Visualisasi->getTabel()
#5 C:\xampp\htdocs\db\simisca\vendor\codeigniter4\framework\system\CodeIgniter.php(404): CodeIgniter\CodeIgniter->runController(Object(App\Controllers\Visualisasi))
#6 C:\xampp\htdocs\db\simisca\vendor\codeigniter4\framework\system\CodeIgniter.php(312): CodeIgniter\CodeIgniter->handleRequest(NULL, Object(Config\Cache), false)
#7 C:\xampp\htdocs\db\simisca\public\index.php(45): CodeIgniter\CodeIgniter->run()
#8 {main}
CRITICAL - 2021-01-31 22:51:57 --> Array to string conversion
#0 C:\xampp\htdocs\db\simisca\app\Views\visualisasi\tabel.php(14): CodeIgniter\Debug\Exceptions->errorHandler(8, 'Array to string...', 'C:\\xampp\\htdocs...', 14, Array)
#1 C:\xampp\htdocs\db\simisca\vendor\codeigniter4\framework\system\View\View.php(246): include('C:\\xampp\\htdocs...')
#2 C:\xampp\htdocs\db\simisca\vendor\codeigniter4\framework\system\Common.php(1119): CodeIgniter\View\View->render('visualisasi/tab...', Array, true)
#3 C:\xampp\htdocs\db\simisca\app\Controllers\Visualisasi.php(65): view('visualisasi/tab...', Array)
#4 C:\xampp\htdocs\db\simisca\vendor\codeigniter4\framework\system\CodeIgniter.php(918): App\Controllers\Visualisasi->getTabel()
#5 C:\xampp\htdocs\db\simisca\vendor\codeigniter4\framework\system\CodeIgniter.php(404): CodeIgniter\CodeIgniter->runController(Object(App\Controllers\Visualisasi))
#6 C:\xampp\htdocs\db\simisca\vendor\codeigniter4\framework\system\CodeIgniter.php(312): CodeIgniter\CodeIgniter->handleRequest(NULL, Object(Config\Cache), false)
#7 C:\xampp\htdocs\db\simisca\public\index.php(45): CodeIgniter\CodeIgniter->run()
#8 {main}
CRITICAL - 2021-01-31 22:56:20 --> Illegal offset type
#0 C:\xampp\htdocs\db\simisca\app\Views\visualisasi\tabel.php(16): CodeIgniter\Debug\Exceptions->errorHandler(2, 'Illegal offset ...', 'C:\\xampp\\htdocs...', 16, Array)
#1 C:\xampp\htdocs\db\simisca\vendor\codeigniter4\framework\system\View\View.php(246): include('C:\\xampp\\htdocs...')
#2 C:\xampp\htdocs\db\simisca\vendor\codeigniter4\framework\system\Common.php(1119): CodeIgniter\View\View->render('visualisasi/tab...', Array, true)
#3 C:\xampp\htdocs\db\simisca\app\Controllers\Visualisasi.php(65): view('visualisasi/tab...', Array)
#4 C:\xampp\htdocs\db\simisca\vendor\codeigniter4\framework\system\CodeIgniter.php(918): App\Controllers\Visualisasi->getTabel()
#5 C:\xampp\htdocs\db\simisca\vendor\codeigniter4\framework\system\CodeIgniter.php(404): CodeIgniter\CodeIgniter->runController(Object(App\Controllers\Visualisasi))
#6 C:\xampp\htdocs\db\simisca\vendor\codeigniter4\framework\system\CodeIgniter.php(312): CodeIgniter\CodeIgniter->handleRequest(NULL, Object(Config\Cache), false)
#7 C:\xampp\htdocs\db\simisca\public\index.php(45): CodeIgniter\CodeIgniter->run()
#8 {main}
CRITICAL - 2021-01-31 22:59:26 --> Undefined index: namasatker
#0 C:\xampp\htdocs\db\simisca\app\Views\visualisasi\tabel.php(24): CodeIgniter\Debug\Exceptions->errorHandler(8, 'Undefined index...', 'C:\\xampp\\htdocs...', 24, Array)
#1 C:\xampp\htdocs\db\simisca\vendor\codeigniter4\framework\system\View\View.php(246): include('C:\\xampp\\htdocs...')
#2 C:\xampp\htdocs\db\simisca\vendor\codeigniter4\framework\system\Common.php(1119): CodeIgniter\View\View->render('visualisasi/tab...', Array, true)
#3 C:\xampp\htdocs\db\simisca\app\Controllers\Visualisasi.php(65): view('visualisasi/tab...', Array)
#4 C:\xampp\htdocs\db\simisca\vendor\codeigniter4\framework\system\CodeIgniter.php(918): App\Controllers\Visualisasi->getTabel()
#5 C:\xampp\htdocs\db\simisca\vendor\codeigniter4\framework\system\CodeIgniter.php(404): CodeIgniter\CodeIgniter->runController(Object(App\Controllers\Visualisasi))
#6 C:\xampp\htdocs\db\simisca\vendor\codeigniter4\framework\system\CodeIgniter.php(312): CodeIgniter\CodeIgniter->handleRequest(NULL, Object(Config\Cache), false)
#7 C:\xampp\htdocs\db\simisca\public\index.php(45): CodeIgniter\CodeIgniter->run()
#8 {main}
CRITICAL - 2021-01-31 23:07:14 --> Undefined offset: 0
#0 C:\xampp\htdocs\db\simisca\app\Views\visualisasi\tabel.php(14): CodeIgniter\Debug\Exceptions->errorHandler(8, 'Undefined offse...', 'C:\\xampp\\htdocs...', 14, Array)
#1 C:\xampp\htdocs\db\simisca\vendor\codeigniter4\framework\system\View\View.php(246): include('C:\\xampp\\htdocs...')
#2 C:\xampp\htdocs\db\simisca\vendor\codeigniter4\framework\system\Common.php(1119): CodeIgniter\View\View->render('visualisasi/tab...', Array, true)
#3 C:\xampp\htdocs\db\simisca\app\Controllers\Visualisasi.php(65): view('visualisasi/tab...', Array)
#4 C:\xampp\htdocs\db\simisca\vendor\codeigniter4\framework\system\CodeIgniter.php(918): App\Controllers\Visualisasi->getTabel()
#5 C:\xampp\htdocs\db\simisca\vendor\codeigniter4\framework\system\CodeIgniter.php(404): CodeIgniter\CodeIgniter->runController(Object(App\Controllers\Visualisasi))
#6 C:\xampp\htdocs\db\simisca\vendor\codeigniter4\framework\system\CodeIgniter.php(312): CodeIgniter\CodeIgniter->handleRequest(NULL, Object(Config\Cache), false)
#7 C:\xampp\htdocs\db\simisca\public\index.php(45): CodeIgniter\CodeIgniter->run()
#8 {main}
CRITICAL - 2021-01-31 23:11:03 --> Undefined offset: 0
#0 C:\xampp\htdocs\db\simisca\app\Views\visualisasi\tabel.php(15): CodeIgniter\Debug\Exceptions->errorHandler(8, 'Undefined offse...', 'C:\\xampp\\htdocs...', 15, Array)
#1 C:\xampp\htdocs\db\simisca\vendor\codeigniter4\framework\system\View\View.php(246): include('C:\\xampp\\htdocs...')
#2 C:\xampp\htdocs\db\simisca\vendor\codeigniter4\framework\system\Common.php(1119): CodeIgniter\View\View->render('visualisasi/tab...', Array, true)
#3 C:\xampp\htdocs\db\simisca\app\Controllers\Visualisasi.php(65): view('visualisasi/tab...', Array)
#4 C:\xampp\htdocs\db\simisca\vendor\codeigniter4\framework\system\CodeIgniter.php(918): App\Controllers\Visualisasi->getTabel()
#5 C:\xampp\htdocs\db\simisca\vendor\codeigniter4\framework\system\CodeIgniter.php(404): CodeIgniter\CodeIgniter->runController(Object(App\Controllers\Visualisasi))
#6 C:\xampp\htdocs\db\simisca\vendor\codeigniter4\framework\system\CodeIgniter.php(312): CodeIgniter\CodeIgniter->handleRequest(NULL, Object(Config\Cache), false)
#7 C:\xampp\htdocs\db\simisca\public\index.php(45): CodeIgniter\CodeIgniter->run()
#8 {main}
CRITICAL - 2021-01-31 23:11:27 --> Undefined offset: 0
#0 C:\xampp\htdocs\db\simisca\app\Views\visualisasi\tabel.php(15): CodeIgniter\Debug\Exceptions->errorHandler(8, 'Undefined offse...', 'C:\\xampp\\htdocs...', 15, Array)
#1 C:\xampp\htdocs\db\simisca\vendor\codeigniter4\framework\system\View\View.php(246): include('C:\\xampp\\htdocs...')
#2 C:\xampp\htdocs\db\simisca\vendor\codeigniter4\framework\system\Common.php(1119): CodeIgniter\View\View->render('visualisasi/tab...', Array, true)
#3 C:\xampp\htdocs\db\simisca\app\Controllers\Visualisasi.php(65): view('visualisasi/tab...', Array)
#4 C:\xampp\htdocs\db\simisca\vendor\codeigniter4\framework\system\CodeIgniter.php(918): App\Controllers\Visualisasi->getTabel()
#5 C:\xampp\htdocs\db\simisca\vendor\codeigniter4\framework\system\CodeIgniter.php(404): CodeIgniter\CodeIgniter->runController(Object(App\Controllers\Visualisasi))
#6 C:\xampp\htdocs\db\simisca\vendor\codeigniter4\framework\system\CodeIgniter.php(312): CodeIgniter\CodeIgniter->handleRequest(NULL, Object(Config\Cache), false)
#7 C:\xampp\htdocs\db\simisca\public\index.php(45): CodeIgniter\CodeIgniter->run()
#8 {main}
CRITICAL - 2021-01-31 23:12:31 --> Undefined offset: 0
#0 C:\xampp\htdocs\db\simisca\app\Views\visualisasi\tabel.php(15): CodeIgniter\Debug\Exceptions->errorHandler(8, 'Undefined offse...', 'C:\\xampp\\htdocs...', 15, Array)
#1 C:\xampp\htdocs\db\simisca\vendor\codeigniter4\framework\system\View\View.php(246): include('C:\\xampp\\htdocs...')
#2 C:\xampp\htdocs\db\simisca\vendor\codeigniter4\framework\system\Common.php(1119): CodeIgniter\View\View->render('visualisasi/tab...', Array, true)
#3 C:\xampp\htdocs\db\simisca\app\Controllers\Visualisasi.php(65): view('visualisasi/tab...', Array)
#4 C:\xampp\htdocs\db\simisca\vendor\codeigniter4\framework\system\CodeIgniter.php(918): App\Controllers\Visualisasi->getTabel()
#5 C:\xampp\htdocs\db\simisca\vendor\codeigniter4\framework\system\CodeIgniter.php(404): CodeIgniter\CodeIgniter->runController(Object(App\Controllers\Visualisasi))
#6 C:\xampp\htdocs\db\simisca\vendor\codeigniter4\framework\system\CodeIgniter.php(312): CodeIgniter\CodeIgniter->handleRequest(NULL, Object(Config\Cache), false)
#7 C:\xampp\htdocs\db\simisca\public\index.php(45): CodeIgniter\CodeIgniter->run()
#8 {main}
CRITICAL - 2021-01-31 23:18:17 --> You have an error in your SQL syntax; check the manual that corresponds to your MariaDB server version for the right syntax to use near '*
FROM `index_satker`
JOIN `satker` ON `satker`.`kodesatker`=`index_satker`.`...' at line 1
#0 C:\xampp\htdocs\db\simisca\vendor\codeigniter4\framework\system\Database\MySQLi\Connection.php(331): mysqli->query('SELECT `namasat...')
#1 C:\xampp\htdocs\db\simisca\vendor\codeigniter4\framework\system\Database\BaseConnection.php(741): CodeIgniter\Database\MySQLi\Connection->execute('SELECT `namasat...')
#2 C:\xampp\htdocs\db\simisca\vendor\codeigniter4\framework\system\Database\BaseConnection.php(669): CodeIgniter\Database\BaseConnection->simpleQuery('SELECT `namasat...')
#3 C:\xampp\htdocs\db\simisca\vendor\codeigniter4\framework\system\Database\BaseBuilder.php(1860): CodeIgniter\Database\BaseConnection->query('SELECT `namasat...', Array, false)
#4 C:\xampp\htdocs\db\simisca\app\Models\Satker_model.php(45): CodeIgniter\Database\BaseBuilder->get()
#5 C:\xampp\htdocs\db\simisca\app\Controllers\Visualisasi.php(63): App\Models\Satker_model->filter(Array)
#6 C:\xampp\htdocs\db\simisca\vendor\codeigniter4\framework\system\CodeIgniter.php(918): App\Controllers\Visualisasi->getTabel()
#7 C:\xampp\htdocs\db\simisca\vendor\codeigniter4\framework\system\CodeIgniter.php(404): CodeIgniter\CodeIgniter->runController(Object(App\Controllers\Visualisasi))
#8 C:\xampp\htdocs\db\simisca\vendor\codeigniter4\framework\system\CodeIgniter.php(312): CodeIgniter\CodeIgniter->handleRequest(NULL, Object(Config\Cache), false)
#9 C:\xampp\htdocs\db\simisca\public\index.php(45): CodeIgniter\CodeIgniter->run()
#10 {main}
CRITICAL - 2021-01-31 23:44:16 --> Unknown column 'sub_kebakaran' in 'field list'
#0 C:\xampp\htdocs\db\simisca\vendor\codeigniter4\framework\system\Database\MySQLi\Connection.php(331): mysqli->query('SELECT `namasat...')
#1 C:\xampp\htdocs\db\simisca\vendor\codeigniter4\framework\system\Database\BaseConnection.php(741): CodeIgniter\Database\MySQLi\Connection->execute('SELECT `namasat...')
#2 C:\xampp\htdocs\db\simisca\vendor\codeigniter4\framework\system\Database\BaseConnection.php(669): CodeIgniter\Database\BaseConnection->simpleQuery('SELECT `namasat...')
#3 C:\xampp\htdocs\db\simisca\vendor\codeigniter4\framework\system\Database\BaseBuilder.php(1860): CodeIgniter\Database\BaseConnection->query('SELECT `namasat...', Array, false)
#4 C:\xampp\htdocs\db\simisca\app\Models\Satker_model.php(68): CodeIgniter\Database\BaseBuilder->get()
#5 C:\xampp\htdocs\db\simisca\app\Controllers\Visualisasi.php(63): App\Models\Satker_model->filter(Array)
#6 C:\xampp\htdocs\db\simisca\vendor\codeigniter4\framework\system\CodeIgniter.php(918): App\Controllers\Visualisasi->getTabel()
#7 C:\xampp\htdocs\db\simisca\vendor\codeigniter4\framework\system\CodeIgniter.php(404): CodeIgniter\CodeIgniter->runController(Object(App\Controllers\Visualisasi))
#8 C:\xampp\htdocs\db\simisca\vendor\codeigniter4\framework\system\CodeIgniter.php(312): CodeIgniter\CodeIgniter->handleRequest(NULL, Object(Config\Cache), false)
#9 C:\xampp\htdocs\db\simisca\public\index.php(45): CodeIgniter\CodeIgniter->run()
#10 {main}
CRITICAL - 2021-01-31 23:44:19 --> Unknown column 'sub_kebakaran' in 'field list'
#0 C:\xampp\htdocs\db\simisca\vendor\codeigniter4\framework\system\Database\MySQLi\Connection.php(331): mysqli->query('SELECT `namasat...')
#1 C:\xampp\htdocs\db\simisca\vendor\codeigniter4\framework\system\Database\BaseConnection.php(741): CodeIgniter\Database\MySQLi\Connection->execute('SELECT `namasat...')
#2 C:\xampp\htdocs\db\simisca\vendor\codeigniter4\framework\system\Database\BaseConnection.php(669): CodeIgniter\Database\BaseConnection->simpleQuery('SELECT `namasat...')
#3 C:\xampp\htdocs\db\simisca\vendor\codeigniter4\framework\system\Database\BaseBuilder.php(1860): CodeIgniter\Database\BaseConnection->query('SELECT `namasat...', Array, false)
#4 C:\xampp\htdocs\db\simisca\app\Models\Satker_model.php(68): CodeIgniter\Database\BaseBuilder->get()
#5 C:\xampp\htdocs\db\simisca\app\Controllers\Visualisasi.php(63): App\Models\Satker_model->filter(Array)
#6 C:\xampp\htdocs\db\simisca\vendor\codeigniter4\framework\system\CodeIgniter.php(918): App\Controllers\Visualisasi->getTabel()
#7 C:\xampp\htdocs\db\simisca\vendor\codeigniter4\framework\system\CodeIgniter.php(404): CodeIgniter\CodeIgniter->runController(Object(App\Controllers\Visualisasi))
#8 C:\xampp\htdocs\db\simisca\vendor\codeigniter4\framework\system\CodeIgniter.php(312): CodeIgniter\CodeIgniter->handleRequest(NULL, Object(Config\Cache), false)
#9 C:\xampp\htdocs\db\simisca\public\index.php(45): CodeIgniter\CodeIgniter->run()
#10 {main}
CRITICAL - 2021-01-31 23:44:24 --> Unknown column 'sub_kebakaran' in 'field list'
#0 C:\xampp\htdocs\db\simisca\vendor\codeigniter4\framework\system\Database\MySQLi\Connection.php(331): mysqli->query('SELECT `namasat...')
#1 C:\xampp\htdocs\db\simisca\vendor\codeigniter4\framework\system\Database\BaseConnection.php(741): CodeIgniter\Database\MySQLi\Connection->execute('SELECT `namasat...')
#2 C:\xampp\htdocs\db\simisca\vendor\codeigniter4\framework\system\Database\BaseConnection.php(669): CodeIgniter\Database\BaseConnection->simpleQuery('SELECT `namasat...')
#3 C:\xampp\htdocs\db\simisca\vendor\codeigniter4\framework\system\Database\BaseBuilder.php(1860): CodeIgniter\Database\BaseConnection->query('SELECT `namasat...', Array, false)
#4 C:\xampp\htdocs\db\simisca\app\Models\Satker_model.php(68): CodeIgniter\Database\BaseBuilder->get()
#5 C:\xampp\htdocs\db\simisca\app\Controllers\Visualisasi.php(63): App\Models\Satker_model->filter(Array)
#6 C:\xampp\htdocs\db\simisca\vendor\codeigniter4\framework\system\CodeIgniter.php(918): App\Controllers\Visualisasi->getTabel()
#7 C:\xampp\htdocs\db\simisca\vendor\codeigniter4\framework\system\CodeIgniter.php(404): CodeIgniter\CodeIgniter->runController(Object(App\Controllers\Visualisasi))
#8 C:\xampp\htdocs\db\simisca\vendor\codeigniter4\framework\system\CodeIgniter.php(312): CodeIgniter\CodeIgniter->handleRequest(NULL, Object(Config\Cache), false)
#9 C:\xampp\htdocs\db\simisca\public\index.php(45): CodeIgniter\CodeIgniter->run()
#10 {main}
CRITICAL - 2021-01-31 23:44:32 --> Unknown column 'sub_kebakaran' in 'field list'
#0 C:\xampp\htdocs\db\simisca\vendor\codeigniter4\framework\system\Database\MySQLi\Connection.php(331): mysqli->query('SELECT `namasat...')
#1 C:\xampp\htdocs\db\simisca\vendor\codeigniter4\framework\system\Database\BaseConnection.php(741): CodeIgniter\Database\MySQLi\Connection->execute('SELECT `namasat...')
#2 C:\xampp\htdocs\db\simisca\vendor\codeigniter4\framework\system\Database\BaseConnection.php(669): CodeIgniter\Database\BaseConnection->simpleQuery('SELECT `namasat...')
#3 C:\xampp\htdocs\db\simisca\vendor\codeigniter4\framework\system\Database\BaseBuilder.php(1860): CodeIgniter\Database\BaseConnection->query('SELECT `namasat...', Array, false)
#4 C:\xampp\htdocs\db\simisca\app\Models\Satker_model.php(68): CodeIgniter\Database\BaseBuilder->get()
#5 C:\xampp\htdocs\db\simisca\app\Controllers\Visualisasi.php(63): App\Models\Satker_model->filter(Array)
#6 C:\xampp\htdocs\db\simisca\vendor\codeigniter4\framework\system\CodeIgniter.php(918): App\Controllers\Visualisasi->getTabel()
#7 C:\xampp\htdocs\db\simisca\vendor\codeigniter4\framework\system\CodeIgniter.php(404): CodeIgniter\CodeIgniter->runController(Object(App\Controllers\Visualisasi))
#8 C:\xampp\htdocs\db\simisca\vendor\codeigniter4\framework\system\CodeIgniter.php(312): CodeIgniter\CodeIgniter->handleRequest(NULL, Object(Config\Cache), false)
#9 C:\xampp\htdocs\db\simisca\public\index.php(45): CodeIgniter\CodeIgniter->run()
#10 {main}
